{"/home/travis/build/npmtest/node-npmtest-osprey/test.js":{"path":"/home/travis/build/npmtest/node-npmtest-osprey/test.js","s":{"1":2,"2":2,"3":2,"4":2,"5":2,"6":2,"7":2,"8":1,"9":2,"10":2,"11":1,"12":1,"13":1,"14":1,"15":2,"16":2,"17":2,"18":2,"19":1,"20":1,"21":2,"22":2,"23":2,"24":1,"25":1,"26":1,"27":1,"28":1,"29":1,"30":1,"31":1,"32":1,"33":1,"34":1,"35":1,"36":1,"37":1,"38":1,"39":2,"40":2,"41":1,"42":2,"43":2,"44":1,"45":2,"46":2,"47":1,"48":2,"49":2,"50":1,"51":1,"52":1,"53":1,"54":1},"b":{"1":[2,1,1,1],"2":[1,1,1,1],"3":[1,1],"4":[1,1],"5":[1,1],"6":[1,1],"7":[1,1],"8":[1,1],"9":[1,1],"10":[1,1,1],"11":[1,1],"12":[1,1],"13":[1,1],"14":[1,1],"15":[1,1],"16":[1,1],"17":[1,1]},"f":{"1":2,"2":2,"3":2,"4":2,"5":2,"6":1,"7":1,"8":1,"9":2,"10":2,"11":2,"12":2,"13":1},"fnMap":{"1":{"name":"(anonymous_1)","line":12,"loc":{"start":{"line":12,"column":1},"end":{"line":12,"column":13}}},"2":{"name":"(anonymous_2)","line":19,"loc":{"start":{"line":19,"column":5},"end":{"line":19,"column":17}}},"3":{"name":"(anonymous_3)","line":23,"loc":{"start":{"line":23,"column":24},"end":{"line":23,"column":36}}},"4":{"name":"(anonymous_4)","line":61,"loc":{"start":{"line":61,"column":5},"end":{"line":61,"column":17}}},"5":{"name":"(anonymous_5)","line":82,"loc":{"start":{"line":82,"column":5},"end":{"line":82,"column":17}}},"6":{"name":"(anonymous_6)","line":91,"loc":{"start":{"line":91,"column":77},"end":{"line":94,"column":10}}},"7":{"name":"(anonymous_7)","line":112,"loc":{"start":{"line":112,"column":83},"end":{"line":115,"column":10}},"skip":true},"8":{"name":"(anonymous_8)","line":123,"loc":{"start":{"line":123,"column":77},"end":{"line":126,"column":10}},"skip":true},"9":{"name":"(anonymous_9)","line":139,"loc":{"start":{"line":139,"column":12},"end":{"line":139,"column":40}},"skip":true},"10":{"name":"(anonymous_10)","line":147,"loc":{"start":{"line":147,"column":77},"end":{"line":150,"column":10}},"skip":true},"11":{"name":"(anonymous_11)","line":158,"loc":{"start":{"line":158,"column":83},"end":{"line":161,"column":10}},"skip":true},"12":{"name":"(anonymous_12)","line":169,"loc":{"start":{"line":169,"column":79},"end":{"line":172,"column":10}},"skip":true},"13":{"name":"(anonymous_13)","line":180,"loc":{"start":{"line":180,"column":75},"end":{"line":183,"column":10}},"skip":true}},"statementMap":{"1":{"start":{"line":12,"column":0},"end":{"line":195,"column":5}},"2":{"start":{"line":14,"column":4},"end":{"line":14,"column":14}},"3":{"start":{"line":19,"column":4},"end":{"line":56,"column":9}},"4":{"start":{"line":21,"column":8},"end":{"line":21,"column":19}},"5":{"start":{"line":23,"column":8},"end":{"line":35,"column":13}},"6":{"start":{"line":24,"column":12},"end":{"line":34,"column":13}},"7":{"start":{"line":25,"column":16},"end":{"line":28,"column":30}},"8":{"start":{"line":30,"column":16},"end":{"line":33,"column":27}},"9":{"start":{"line":37,"column":8},"end":{"line":39,"column":21}},"10":{"start":{"line":40,"column":8},"end":{"line":53,"column":9}},"11":{"start":{"line":43,"column":12},"end":{"line":46,"column":14}},"12":{"start":{"line":47,"column":12},"end":{"line":47,"column":18}},"13":{"start":{"line":50,"column":12},"end":{"line":51,"column":46}},"14":{"start":{"line":52,"column":12},"end":{"line":52,"column":18}},"15":{"start":{"line":55,"column":8},"end":{"line":55,"column":35}},"16":{"start":{"line":61,"column":4},"end":{"line":63,"column":9}},"17":{"start":{"line":62,"column":8},"end":{"line":62,"column":15}},"18":{"start":{"line":64,"column":4},"end":{"line":77,"column":5}},"19":{"start":{"line":70,"column":8},"end":{"line":70,"column":14}},"20":{"start":{"line":76,"column":8},"end":{"line":76,"column":14}},"21":{"start":{"line":82,"column":4},"end":{"line":84,"column":9}},"22":{"start":{"line":83,"column":8},"end":{"line":83,"column":15}},"23":{"start":{"line":85,"column":4},"end":{"line":194,"column":5}},"24":{"start":{"line":91,"column":8},"end":{"line":99,"column":10}},"25":{"start":{"line":98,"column":12},"end":{"line":98,"column":35}},"26":{"start":{"line":102,"column":8},"end":{"line":104,"column":63}},"27":{"start":{"line":105,"column":8},"end":{"line":105,"column":14}},"28":{"start":{"line":112,"column":8},"end":{"line":121,"column":10},"skip":true},"29":{"start":{"line":119,"column":12},"end":{"line":119,"column":55},"skip":true},"30":{"start":{"line":120,"column":12},"end":{"line":120,"column":48},"skip":true},"31":{"start":{"line":123,"column":8},"end":{"line":136,"column":10},"skip":true},"32":{"start":{"line":130,"column":12},"end":{"line":130,"column":76},"skip":true},"33":{"start":{"line":131,"column":12},"end":{"line":131,"column":73},"skip":true},"34":{"start":{"line":132,"column":12},"end":{"line":132,"column":74},"skip":true},"35":{"start":{"line":133,"column":12},"end":{"line":133,"column":79},"skip":true},"36":{"start":{"line":134,"column":12},"end":{"line":134,"column":25},"skip":true},"37":{"start":{"line":135,"column":12},"end":{"line":135,"column":45},"skip":true},"38":{"start":{"line":138,"column":8},"end":{"line":145,"column":14},"skip":true},"39":{"start":{"line":143,"column":16},"end":{"line":143,"column":29},"skip":true},"40":{"start":{"line":144,"column":16},"end":{"line":144,"column":55},"skip":true},"41":{"start":{"line":147,"column":8},"end":{"line":156,"column":10},"skip":true},"42":{"start":{"line":154,"column":12},"end":{"line":154,"column":25},"skip":true},"43":{"start":{"line":155,"column":12},"end":{"line":155,"column":45},"skip":true},"44":{"start":{"line":158,"column":8},"end":{"line":167,"column":10},"skip":true},"45":{"start":{"line":165,"column":12},"end":{"line":165,"column":25},"skip":true},"46":{"start":{"line":166,"column":12},"end":{"line":166,"column":48},"skip":true},"47":{"start":{"line":169,"column":8},"end":{"line":178,"column":10},"skip":true},"48":{"start":{"line":176,"column":12},"end":{"line":176,"column":25},"skip":true},"49":{"start":{"line":177,"column":12},"end":{"line":177,"column":46},"skip":true},"50":{"start":{"line":180,"column":8},"end":{"line":189,"column":10},"skip":true},"51":{"start":{"line":187,"column":12},"end":{"line":187,"column":94},"skip":true},"52":{"start":{"line":188,"column":12},"end":{"line":188,"column":48},"skip":true},"53":{"start":{"line":192,"column":8},"end":{"line":192,"column":35},"skip":true},"54":{"start":{"line":193,"column":8},"end":{"line":193,"column":14},"skip":true}},"branchMap":{"1":{"line":25,"type":"binary-expr","locations":[{"start":{"line":25,"column":23},"end":{"line":25,"column":62}},{"start":{"line":26,"column":20},"end":{"line":26,"column":70}},{"start":{"line":27,"column":20},"end":{"line":27,"column":71}},{"start":{"line":28,"column":20},"end":{"line":28,"column":29}}]},"2":{"line":30,"type":"binary-expr","locations":[{"start":{"line":30,"column":23},"end":{"line":30,"column":37}},{"start":{"line":31,"column":20},"end":{"line":31,"column":61}},{"start":{"line":32,"column":20},"end":{"line":32,"column":70}},{"start":{"line":33,"column":20},"end":{"line":33,"column":26}}]},"3":{"line":37,"type":"cond-expr","locations":[{"start":{"line":38,"column":14},"end":{"line":38,"column":20}},{"start":{"line":39,"column":14},"end":{"line":39,"column":20}}]},"4":{"line":40,"type":"switch","locations":[{"start":{"line":42,"column":8},"end":{"line":47,"column":18}},{"start":{"line":49,"column":8},"end":{"line":52,"column":18}}]},"5":{"line":44,"type":"binary-expr","locations":[{"start":{"line":44,"column":16},"end":{"line":44,"column":44}},{"start":{"line":44,"column":48},"end":{"line":44,"column":66}}]},"6":{"line":50,"type":"binary-expr","locations":[{"start":{"line":50,"column":21},"end":{"line":50,"column":49}},{"start":{"line":50,"column":53},"end":{"line":50,"column":72}}]},"7":{"line":64,"type":"switch","locations":[{"start":{"line":69,"column":4},"end":{"line":70,"column":14}},{"start":{"line":75,"column":4},"end":{"line":76,"column":14}}]},"8":{"line":85,"type":"switch","locations":[{"start":{"line":90,"column":4},"end":{"line":105,"column":14}},{"start":{"line":111,"column":4},"end":{"line":193,"column":14},"skip":true}]},"9":{"line":91,"type":"binary-expr","locations":[{"start":{"line":91,"column":42},"end":{"line":91,"column":73}},{"start":{"line":91,"column":77},"end":{"line":99,"column":9}}]},"10":{"line":102,"type":"binary-expr","locations":[{"start":{"line":102,"column":18},"end":{"line":102,"column":32}},{"start":{"line":103,"column":12},"end":{"line":103,"column":53}},{"start":{"line":104,"column":12},"end":{"line":104,"column":61}}]},"11":{"line":112,"type":"binary-expr","locations":[{"start":{"line":112,"column":45},"end":{"line":112,"column":79},"skip":true},{"start":{"line":112,"column":83},"end":{"line":121,"column":9},"skip":true}]},"12":{"line":123,"type":"binary-expr","locations":[{"start":{"line":123,"column":42},"end":{"line":123,"column":73},"skip":true},{"start":{"line":123,"column":77},"end":{"line":136,"column":9},"skip":true}]},"13":{"line":138,"type":"binary-expr","locations":[{"start":{"line":138,"column":48},"end":{"line":138,"column":85},"skip":true},{"start":{"line":139,"column":12},"end":{"line":145,"column":13},"skip":true}]},"14":{"line":147,"type":"binary-expr","locations":[{"start":{"line":147,"column":42},"end":{"line":147,"column":73},"skip":true},{"start":{"line":147,"column":77},"end":{"line":156,"column":9},"skip":true}]},"15":{"line":158,"type":"binary-expr","locations":[{"start":{"line":158,"column":45},"end":{"line":158,"column":79},"skip":true},{"start":{"line":158,"column":83},"end":{"line":167,"column":9},"skip":true}]},"16":{"line":169,"type":"binary-expr","locations":[{"start":{"line":169,"column":43},"end":{"line":169,"column":75},"skip":true},{"start":{"line":169,"column":79},"end":{"line":178,"column":9},"skip":true}]},"17":{"line":180,"type":"binary-expr","locations":[{"start":{"line":180,"column":41},"end":{"line":180,"column":71},"skip":true},{"start":{"line":180,"column":75},"end":{"line":189,"column":9},"skip":true}]}},"code":["/* istanbul instrument in package npmtest_osprey */","/*jslint","    bitwise: true,","    browser: true,","    maxerr: 8,","    maxlen: 96,","    node: true,","    nomen: true,","    regexp: true,","    stupid: true","*/","(function () {","    'use strict';","    var local;","","","","    // run shared js-env code - pre-init","    (function () {","        // init local","        local = {};","        // init modeJs","        local.modeJs = (function () {","            try {","                return typeof navigator.userAgent === 'string' &&","                    typeof document.querySelector('body') === 'object' &&","                    typeof XMLHttpRequest.prototype.open === 'function' &&","                    'browser';","            } catch (errorCaughtBrowser) {","                return module.exports &&","                    typeof process.versions.node === 'string' &&","                    typeof require('http').createServer === 'function' &&","                    'node';","            }","        }());","        // init global","        local.global = local.modeJs === 'browser'","            ? window","            : global;","        switch (local.modeJs) {","        // re-init local from window.local","        case 'browser':","            local = local.global.utility2.objectSetDefault(","                local.global.utility2_rollup || local.global.local,","                local.global.utility2","            );","            break;","        // re-init local from example.js","        case 'node':","            local = (local.global.utility2_rollup || require('utility2'))","                .requireExampleJsFromReadme();","            break;","        }","        // export local","        local.global.local = local;","    }());","","","","    // run shared js-env code - function","    (function () {","        return;","    }());","    switch (local.modeJs) {","","","","    // run browser js-env code - function","    case 'browser':","        break;","","","","    // run node js-env code - function","    case 'node':","        break;","    }","","","","    // run shared js-env code - post-init","    (function () {","        return;","    }());","    switch (local.modeJs) {","","","","    // run browser js-env code - post-init","    case 'browser':","        local.testCase_browser_nullCase = local.testCase_browser_nullCase || function (","            options,","            onError","        ) {","        /*","         * this function will test browsers's null-case handling-behavior-behavior","         */","            onError(null, options);","        };","","        // run tests","        local.nop(local.modeTest &&","            document.querySelector('#testRunButton1') &&","            document.querySelector('#testRunButton1').click());","        break;","","","","    // run node js-env code - post-init","    /* istanbul ignore next */","    case 'node':","        local.testCase_buildApidoc_default = local.testCase_buildApidoc_default || function (","            options,","            onError","        ) {","        /*","         * this function will test buildApidoc's default handling-behavior-behavior","         */","            options = { modulePathList: module.paths };","            local.buildApidoc(options, onError);","        };","","        local.testCase_buildApp_default = local.testCase_buildApp_default || function (","            options,","            onError","        ) {","        /*","         * this function will test buildApp's default handling-behavior-behavior","         */","            local.testCase_buildReadme_default(options, local.onErrorThrow);","            local.testCase_buildLib_default(options, local.onErrorThrow);","            local.testCase_buildTest_default(options, local.onErrorThrow);","            local.testCase_buildCustomOrg_default(options, local.onErrorThrow);","            options = [];","            local.buildApp(options, onError);","        };","","        local.testCase_buildCustomOrg_default = local.testCase_buildCustomOrg_default ||","            function (options, onError) {","            /*","             * this function will test buildCustomOrg's default handling-behavior","             */","                options = {};","                local.buildCustomOrg(options, onError);","            };","","        local.testCase_buildLib_default = local.testCase_buildLib_default || function (","            options,","            onError","        ) {","        /*","         * this function will test buildLib's default handling-behavior","         */","            options = {};","            local.buildLib(options, onError);","        };","","        local.testCase_buildReadme_default = local.testCase_buildReadme_default || function (","            options,","            onError","        ) {","        /*","         * this function will test buildReadme's default handling-behavior-behavior","         */","            options = {};","            local.buildReadme(options, onError);","        };","","        local.testCase_buildTest_default = local.testCase_buildTest_default || function (","            options,","            onError","        ) {","        /*","         * this function will test buildTest's default handling-behavior","         */","            options = {};","            local.buildTest(options, onError);","        };","","        local.testCase_webpage_default = local.testCase_webpage_default || function (","            options,","            onError","        ) {","        /*","         * this function will test webpage's default handling-behavior","         */","            options = { modeCoverageMerge: true, url: local.serverLocalHost + '?modeTest=1' };","            local.browserTest(options, onError);","        };","","        // run test-server","        local.testRunServer(local);","        break;","    }","}());",""],"l":{"12":2,"14":2,"19":2,"21":2,"23":2,"24":2,"25":2,"30":1,"37":2,"40":2,"43":1,"47":1,"50":1,"52":1,"55":2,"61":2,"62":2,"64":2,"70":1,"76":1,"82":2,"83":2,"85":2,"91":1,"98":1,"102":1,"105":1,"112":1,"119":1,"120":1,"123":1,"130":1,"131":1,"132":1,"133":1,"134":1,"135":1,"138":1,"143":2,"144":2,"147":1,"154":2,"155":2,"158":1,"165":2,"166":2,"169":1,"176":2,"177":2,"180":1,"187":1,"188":1,"192":1,"193":1}},"/home/travis/build/npmtest/node-npmtest-osprey/lib.npmtest_osprey.js":{"path":"/home/travis/build/npmtest/node-npmtest-osprey/lib.npmtest_osprey.js","s":{"1":2,"2":2,"3":2,"4":2,"5":2,"6":2,"7":2,"8":1,"9":2,"10":2,"11":2,"12":2,"13":1,"14":1,"15":1,"16":1},"b":{"1":[2,1,1,1],"2":[1,1,1,1],"3":[1,1],"4":[2,2],"5":[1,1]},"f":{"1":2,"2":2,"3":2},"fnMap":{"1":{"name":"(anonymous_1)","line":12,"loc":{"start":{"line":12,"column":1},"end":{"line":12,"column":13}}},"2":{"name":"(anonymous_2)","line":19,"loc":{"start":{"line":19,"column":5},"end":{"line":19,"column":17}}},"3":{"name":"(anonymous_3)","line":23,"loc":{"start":{"line":23,"column":24},"end":{"line":23,"column":36}}}},"statementMap":{"1":{"start":{"line":12,"column":0},"end":{"line":53,"column":5}},"2":{"start":{"line":14,"column":4},"end":{"line":14,"column":14}},"3":{"start":{"line":19,"column":4},"end":{"line":52,"column":9}},"4":{"start":{"line":21,"column":8},"end":{"line":21,"column":19}},"5":{"start":{"line":23,"column":8},"end":{"line":35,"column":13}},"6":{"start":{"line":24,"column":12},"end":{"line":34,"column":13}},"7":{"start":{"line":25,"column":16},"end":{"line":28,"column":30}},"8":{"start":{"line":30,"column":16},"end":{"line":33,"column":27}},"9":{"start":{"line":37,"column":8},"end":{"line":39,"column":21}},"10":{"start":{"line":41,"column":8},"end":{"line":41,"column":54}},"11":{"start":{"line":43,"column":8},"end":{"line":43,"column":51}},"12":{"start":{"line":45,"column":8},"end":{"line":51,"column":9}},"13":{"start":{"line":46,"column":12},"end":{"line":46,"column":57}},"14":{"start":{"line":48,"column":12},"end":{"line":48,"column":35}},"15":{"start":{"line":49,"column":12},"end":{"line":49,"column":49}},"16":{"start":{"line":50,"column":12},"end":{"line":50,"column":43}}},"branchMap":{"1":{"line":25,"type":"binary-expr","locations":[{"start":{"line":25,"column":23},"end":{"line":25,"column":62}},{"start":{"line":26,"column":20},"end":{"line":26,"column":70}},{"start":{"line":27,"column":20},"end":{"line":27,"column":71}},{"start":{"line":28,"column":20},"end":{"line":28,"column":29}}]},"2":{"line":30,"type":"binary-expr","locations":[{"start":{"line":30,"column":23},"end":{"line":30,"column":37}},{"start":{"line":31,"column":20},"end":{"line":31,"column":61}},{"start":{"line":32,"column":20},"end":{"line":32,"column":70}},{"start":{"line":33,"column":20},"end":{"line":33,"column":26}}]},"3":{"line":37,"type":"cond-expr","locations":[{"start":{"line":38,"column":14},"end":{"line":38,"column":20}},{"start":{"line":39,"column":14},"end":{"line":39,"column":20}}]},"4":{"line":41,"type":"binary-expr","locations":[{"start":{"line":41,"column":16},"end":{"line":41,"column":44}},{"start":{"line":41,"column":48},"end":{"line":41,"column":53}}]},"5":{"line":45,"type":"if","locations":[{"start":{"line":45,"column":8},"end":{"line":45,"column":8}},{"start":{"line":45,"column":8},"end":{"line":45,"column":8}}]}},"code":["/* istanbul instrument in package npmtest_osprey */","/*jslint","    bitwise: true,","    browser: true,","    maxerr: 8,","    maxlen: 96,","    node: true,","    nomen: true,","    regexp: true,","    stupid: true","*/","(function () {","    'use strict';","    var local;","","","","    // run shared js-env code - pre-init","    (function () {","        // init local","        local = {};","        // init modeJs","        local.modeJs = (function () {","            try {","                return typeof navigator.userAgent === 'string' &&","                    typeof document.querySelector('body') === 'object' &&","                    typeof XMLHttpRequest.prototype.open === 'function' &&","                    'browser';","            } catch (errorCaughtBrowser) {","                return module.exports &&","                    typeof process.versions.node === 'string' &&","                    typeof require('http').createServer === 'function' &&","                    'node';","            }","        }());","        // init global","        local.global = local.modeJs === 'browser'","            ? window","            : global;","        // init utility2_rollup","        local = local.global.utility2_rollup || local;","        // init lib","        local.local = local.npmtest_osprey = local;","        // init exports","        if (local.modeJs === 'browser') {","            local.global.utility2_npmtest_osprey = local;","        } else {","            module.exports = local;","            module.exports.__dirname = __dirname;","            module.exports.module = module;","        }","    }());","}());",""],"l":{"12":2,"14":2,"19":2,"21":2,"23":2,"24":2,"25":2,"30":1,"37":2,"41":2,"43":2,"45":2,"46":1,"48":1,"49":1,"50":1}},"/home/travis/build/npmtest/node-npmtest-osprey/example.js":{"path":"/home/travis/build/npmtest/node-npmtest-osprey/example.js","s":{"1":2,"2":2,"3":2,"4":2,"5":2,"6":2,"7":2,"8":1,"9":2,"10":2,"11":2,"12":2,"13":1,"14":2,"15":2,"16":2,"17":2,"18":2,"19":0,"20":2,"21":1,"22":1,"23":1,"24":1,"25":1,"26":0,"27":0,"28":1,"29":1,"30":2,"31":0,"32":0,"33":0,"34":1,"35":2,"36":2,"37":3,"38":3,"39":3,"40":3,"41":0,"42":3,"43":3,"44":3,"45":1,"46":3,"47":1,"48":1,"49":1,"50":1,"51":1,"52":1,"53":1,"54":1,"55":1,"56":1,"57":0,"58":1,"59":6,"60":6,"61":1,"62":2,"63":0,"64":2,"65":1,"66":1,"67":0,"68":0,"69":0,"70":0,"71":0,"72":0,"73":0,"74":0,"75":0,"76":0,"77":0,"78":0,"79":0,"80":0,"81":0,"82":0,"83":0},"b":{"1":[2,1,1,1],"2":[1,1,1,1],"3":[1,1],"4":[2,2],"5":[1,1],"6":[1,1],"7":[2,0],"8":[2,1,1,1,1,1],"9":[0,2,0],"10":[1,1],"11":[2,1,1],"12":[1,0],"13":[0,2],"14":[2,0,0,0,0,0,0],"15":[0,3],"16":[3,0],"17":[1,1],"18":[0,1],"19":[1,2,0,2],"20":[1,0],"21":[1,1],"22":[0,0],"23":[0,0],"24":[0,0],"25":[0,0],"26":[0,0],"27":[0,0],"28":[0,0]},"f":{"1":2,"2":2,"3":2,"4":2,"5":2,"6":2,"7":3,"8":3,"9":3,"10":1,"11":6,"12":0},"fnMap":{"1":{"name":"(anonymous_1)","line":26,"loc":{"start":{"line":26,"column":1},"end":{"line":26,"column":13}}},"2":{"name":"(anonymous_2)","line":33,"loc":{"start":{"line":33,"column":5},"end":{"line":33,"column":17}}},"3":{"name":"(anonymous_3)","line":37,"loc":{"start":{"line":37,"column":24},"end":{"line":37,"column":36}}},"4":{"name":"(anonymous_4)","line":69,"loc":{"start":{"line":69,"column":31},"end":{"line":69,"column":48}},"skip":true},"5":{"name":"(anonymous_5)","line":78,"loc":{"start":{"line":78,"column":26},"end":{"line":78,"column":45}},"skip":true},"6":{"name":"(anonymous_6)","line":123,"loc":{"start":{"line":123,"column":33},"end":{"line":123,"column":48}},"skip":true},"7":{"name":"(anonymous_7)","line":125,"loc":{"start":{"line":125,"column":27},"end":{"line":125,"column":39}},"skip":true},"8":{"name":"(anonymous_8)","line":133,"loc":{"start":{"line":133,"column":59},"end":{"line":133,"column":74}},"skip":true},"9":{"name":"(anonymous_9)","line":143,"loc":{"start":{"line":143,"column":45},"end":{"line":143,"column":62}},"skip":true},"10":{"name":"(anonymous_10)","line":144,"loc":{"start":{"line":144,"column":73},"end":{"line":144,"column":92}},"skip":true},"11":{"name":"(anonymous_11)","line":272,"loc":{"start":{"line":272,"column":51},"end":{"line":272,"column":77}},"skip":true},"12":{"name":"(anonymous_12)","line":315,"loc":{"start":{"line":315,"column":32},"end":{"line":315,"column":61}},"skip":true}},"statementMap":{"1":{"start":{"line":26,"column":0},"end":{"line":326,"column":5}},"2":{"start":{"line":28,"column":4},"end":{"line":28,"column":14}},"3":{"start":{"line":33,"column":4},"end":{"line":60,"column":9}},"4":{"start":{"line":35,"column":8},"end":{"line":35,"column":19}},"5":{"start":{"line":37,"column":8},"end":{"line":49,"column":13}},"6":{"start":{"line":38,"column":12},"end":{"line":48,"column":13}},"7":{"start":{"line":39,"column":16},"end":{"line":42,"column":30}},"8":{"start":{"line":44,"column":16},"end":{"line":47,"column":27}},"9":{"start":{"line":51,"column":8},"end":{"line":53,"column":21}},"10":{"start":{"line":55,"column":8},"end":{"line":57,"column":45}},"11":{"start":{"line":59,"column":8},"end":{"line":59,"column":35}},"12":{"start":{"line":61,"column":4},"end":{"line":325,"column":5}},"13":{"start":{"line":69,"column":8},"end":{"line":121,"column":10},"skip":true},"14":{"start":{"line":70,"column":12},"end":{"line":88,"column":13},"skip":true},"15":{"start":{"line":76,"column":16},"end":{"line":87,"column":19},"skip":true},"16":{"start":{"line":79,"column":20},"end":{"line":86,"column":21},"skip":true},"17":{"start":{"line":82,"column":24},"end":{"line":82,"column":43},"skip":true},"18":{"start":{"line":83,"column":24},"end":{"line":83,"column":30},"skip":true},"19":{"start":{"line":85,"column":24},"end":{"line":85,"column":49},"skip":true},"20":{"start":{"line":89,"column":12},"end":{"line":107,"column":13},"skip":true},"21":{"start":{"line":92,"column":16},"end":{"line":102,"column":17},"skip":true},"22":{"start":{"line":93,"column":20},"end":{"line":93,"column":86},"skip":true},"23":{"start":{"line":94,"column":20},"end":{"line":95,"column":45},"skip":true},"24":{"start":{"line":96,"column":20},"end":{"line":96,"column":42},"skip":true},"25":{"start":{"line":97,"column":20},"end":{"line":97,"column":48},"skip":true},"26":{"start":{"line":100,"column":20},"end":{"line":100,"column":85},"skip":true},"27":{"start":{"line":101,"column":20},"end":{"line":101,"column":96},"skip":true},"28":{"start":{"line":103,"column":16},"end":{"line":103,"column":22},"skip":true},"29":{"start":{"line":106,"column":16},"end":{"line":106,"column":22},"skip":true},"30":{"start":{"line":108,"column":12},"end":{"line":120,"column":13},"skip":true},"31":{"start":{"line":114,"column":16},"end":{"line":119,"column":17},"skip":true},"32":{"start":{"line":116,"column":20},"end":{"line":116,"column":78},"skip":true},"33":{"start":{"line":118,"column":20},"end":{"line":118,"column":47},"skip":true},"34":{"start":{"line":123,"column":8},"end":{"line":141,"column":11},"skip":true},"35":{"start":{"line":124,"column":12},"end":{"line":124,"column":54},"skip":true},"36":{"start":{"line":125,"column":12},"end":{"line":140,"column":14},"skip":true},"37":{"start":{"line":126,"column":16},"end":{"line":126,"column":28},"skip":true},"38":{"start":{"line":127,"column":16},"end":{"line":127,"column":69},"skip":true},"39":{"start":{"line":128,"column":16},"end":{"line":128,"column":75},"skip":true},"40":{"start":{"line":129,"column":16},"end":{"line":131,"column":17},"skip":true},"41":{"start":{"line":130,"column":20},"end":{"line":130,"column":27},"skip":true},"42":{"start":{"line":133,"column":16},"end":{"line":137,"column":36},"skip":true},"43":{"start":{"line":134,"column":20},"end":{"line":136,"column":55},"skip":true},"44":{"start":{"line":139,"column":16},"end":{"line":139,"column":57},"skip":true},"45":{"start":{"line":143,"column":8},"end":{"line":147,"column":11},"skip":true},"46":{"start":{"line":144,"column":12},"end":{"line":146,"column":15},"skip":true},"47":{"start":{"line":145,"column":16},"end":{"line":145,"column":70},"skip":true},"48":{"start":{"line":149,"column":8},"end":{"line":149,"column":31},"skip":true},"49":{"start":{"line":150,"column":8},"end":{"line":150,"column":14},"skip":true},"50":{"start":{"line":158,"column":8},"end":{"line":158,"column":31},"skip":true},"51":{"start":{"line":160,"column":8},"end":{"line":160,"column":33},"skip":true},"52":{"start":{"line":161,"column":8},"end":{"line":161,"column":37},"skip":true},"53":{"start":{"line":162,"column":8},"end":{"line":162,"column":35},"skip":true},"54":{"start":{"line":164,"column":8},"end":{"line":164,"column":50},"skip":true},"55":{"start":{"line":166,"column":8},"end":{"line":256,"column":2},"skip":true},"56":{"start":{"line":258,"column":8},"end":{"line":286,"column":9},"skip":true},"57":{"start":{"line":259,"column":12},"end":{"line":269,"column":14},"skip":true},"58":{"start":{"line":271,"column":12},"end":{"line":285,"column":19},"skip":true},"59":{"start":{"line":274,"column":20},"end":{"line":274,"column":35},"skip":true},"60":{"start":{"line":275,"column":20},"end":{"line":284,"column":21},"skip":true},"61":{"start":{"line":277,"column":24},"end":{"line":277,"column":64},"skip":true},"62":{"start":{"line":279,"column":24},"end":{"line":279,"column":40},"skip":true},"63":{"start":{"line":281,"column":24},"end":{"line":281,"column":40},"skip":true},"64":{"start":{"line":283,"column":24},"end":{"line":283,"column":39},"skip":true},"65":{"start":{"line":288,"column":8},"end":{"line":290,"column":9},"skip":true},"66":{"start":{"line":289,"column":12},"end":{"line":289,"column":18},"skip":true},"67":{"start":{"line":291,"column":8},"end":{"line":293,"column":54},"skip":true},"68":{"start":{"line":296,"column":8},"end":{"line":301,"column":37},"skip":true},"69":{"start":{"line":303,"column":8},"end":{"line":303,"column":82},"skip":true},"70":{"start":{"line":306,"column":8},"end":{"line":308,"column":9},"skip":true},"71":{"start":{"line":307,"column":12},"end":{"line":307,"column":82},"skip":true},"72":{"start":{"line":310,"column":8},"end":{"line":312,"column":9},"skip":true},"73":{"start":{"line":311,"column":12},"end":{"line":311,"column":18},"skip":true},"74":{"start":{"line":313,"column":8},"end":{"line":313,"column":54},"skip":true},"75":{"start":{"line":314,"column":8},"end":{"line":314,"column":69},"skip":true},"76":{"start":{"line":315,"column":8},"end":{"line":323,"column":36},"skip":true},"77":{"start":{"line":316,"column":12},"end":{"line":316,"column":61},"skip":true},"78":{"start":{"line":317,"column":12},"end":{"line":320,"column":13},"skip":true},"79":{"start":{"line":318,"column":16},"end":{"line":318,"column":75},"skip":true},"80":{"start":{"line":319,"column":16},"end":{"line":319,"column":23},"skip":true},"81":{"start":{"line":321,"column":12},"end":{"line":321,"column":38},"skip":true},"82":{"start":{"line":322,"column":12},"end":{"line":322,"column":27},"skip":true},"83":{"start":{"line":324,"column":8},"end":{"line":324,"column":14},"skip":true}},"branchMap":{"1":{"line":39,"type":"binary-expr","locations":[{"start":{"line":39,"column":23},"end":{"line":39,"column":62}},{"start":{"line":40,"column":20},"end":{"line":40,"column":70}},{"start":{"line":41,"column":20},"end":{"line":41,"column":71}},{"start":{"line":42,"column":20},"end":{"line":42,"column":29}}]},"2":{"line":44,"type":"binary-expr","locations":[{"start":{"line":44,"column":23},"end":{"line":44,"column":37}},{"start":{"line":45,"column":20},"end":{"line":45,"column":61}},{"start":{"line":46,"column":20},"end":{"line":46,"column":70}},{"start":{"line":47,"column":20},"end":{"line":47,"column":26}}]},"3":{"line":51,"type":"cond-expr","locations":[{"start":{"line":52,"column":14},"end":{"line":52,"column":20}},{"start":{"line":53,"column":14},"end":{"line":53,"column":20}}]},"4":{"line":55,"type":"binary-expr","locations":[{"start":{"line":55,"column":16},"end":{"line":55,"column":44}},{"start":{"line":55,"column":49},"end":{"line":57,"column":43}}]},"5":{"line":55,"type":"cond-expr","locations":[{"start":{"line":56,"column":14},"end":{"line":56,"column":50}},{"start":{"line":57,"column":14},"end":{"line":57,"column":43}}]},"6":{"line":61,"type":"switch","locations":[{"start":{"line":68,"column":4},"end":{"line":150,"column":14},"skip":true},{"start":{"line":156,"column":4},"end":{"line":324,"column":14},"skip":true}]},"7":{"line":70,"type":"if","locations":[{"start":{"line":70,"column":12},"end":{"line":70,"column":12},"skip":true},{"start":{"line":70,"column":12},"end":{"line":70,"column":12},"skip":true}]},"8":{"line":70,"type":"binary-expr","locations":[{"start":{"line":70,"column":16},"end":{"line":70,"column":22},"skip":true},{"start":{"line":70,"column":27},"end":{"line":70,"column":32},"skip":true},{"start":{"line":71,"column":20},"end":{"line":71,"column":39},"skip":true},{"start":{"line":72,"column":20},"end":{"line":72,"column":49},"skip":true},{"start":{"line":73,"column":20},"end":{"line":73,"column":58},"skip":true},{"start":{"line":74,"column":20},"end":{"line":74,"column":69},"skip":true}]},"9":{"line":79,"type":"switch","locations":[{"start":{"line":80,"column":20},"end":{"line":80,"column":33},"skip":true},{"start":{"line":81,"column":20},"end":{"line":83,"column":30},"skip":true},{"start":{"line":84,"column":20},"end":{"line":85,"column":49},"skip":true}]},"10":{"line":89,"type":"switch","locations":[{"start":{"line":90,"column":12},"end":{"line":103,"column":22},"skip":true},{"start":{"line":105,"column":12},"end":{"line":106,"column":22},"skip":true}]},"11":{"line":89,"type":"binary-expr","locations":[{"start":{"line":89,"column":20},"end":{"line":89,"column":25},"skip":true},{"start":{"line":89,"column":29},"end":{"line":89,"column":48},"skip":true},{"start":{"line":89,"column":52},"end":{"line":89,"column":74},"skip":true}]},"12":{"line":92,"type":"if","locations":[{"start":{"line":92,"column":16},"end":{"line":92,"column":16},"skip":true},{"start":{"line":92,"column":16},"end":{"line":92,"column":16},"skip":true}]},"13":{"line":108,"type":"if","locations":[{"start":{"line":108,"column":12},"end":{"line":108,"column":12},"skip":true},{"start":{"line":108,"column":12},"end":{"line":108,"column":12},"skip":true}]},"14":{"line":108,"type":"binary-expr","locations":[{"start":{"line":108,"column":16},"end":{"line":108,"column":61},"skip":true},{"start":{"line":108,"column":66},"end":{"line":108,"column":72},"skip":true},{"start":{"line":108,"column":77},"end":{"line":108,"column":82},"skip":true},{"start":{"line":109,"column":20},"end":{"line":109,"column":39},"skip":true},{"start":{"line":110,"column":20},"end":{"line":110,"column":49},"skip":true},{"start":{"line":111,"column":20},"end":{"line":111,"column":58},"skip":true},{"start":{"line":112,"column":20},"end":{"line":112,"column":68},"skip":true}]},"15":{"line":129,"type":"if","locations":[{"start":{"line":129,"column":16},"end":{"line":129,"column":16},"skip":true},{"start":{"line":129,"column":16},"end":{"line":129,"column":16},"skip":true}]},"16":{"line":134,"type":"cond-expr","locations":[{"start":{"line":135,"column":26},"end":{"line":135,"column":29},"skip":true},{"start":{"line":136,"column":26},"end":{"line":136,"column":54},"skip":true}]},"17":{"line":164,"type":"binary-expr","locations":[{"start":{"line":164,"column":27},"end":{"line":164,"column":43},"skip":true},{"start":{"line":164,"column":47},"end":{"line":164,"column":49},"skip":true}]},"18":{"line":258,"type":"if","locations":[{"start":{"line":258,"column":8},"end":{"line":258,"column":8},"skip":true},{"start":{"line":258,"column":8},"end":{"line":258,"column":8},"skip":true}]},"19":{"line":275,"type":"switch","locations":[{"start":{"line":276,"column":20},"end":{"line":277,"column":64},"skip":true},{"start":{"line":278,"column":20},"end":{"line":279,"column":40},"skip":true},{"start":{"line":280,"column":20},"end":{"line":281,"column":40},"skip":true},{"start":{"line":282,"column":20},"end":{"line":283,"column":39},"skip":true}]},"20":{"line":288,"type":"if","locations":[{"start":{"line":288,"column":8},"end":{"line":288,"column":8},"skip":true},{"start":{"line":288,"column":8},"end":{"line":288,"column":8},"skip":true}]},"21":{"line":288,"type":"binary-expr","locations":[{"start":{"line":288,"column":12},"end":{"line":288,"column":40},"skip":true},{"start":{"line":288,"column":44},"end":{"line":288,"column":67},"skip":true}]},"22":{"line":292,"type":"binary-expr","locations":[{"start":{"line":292,"column":12},"end":{"line":292,"column":50},"skip":true},{"start":{"line":293,"column":12},"end":{"line":293,"column":53},"skip":true}]},"23":{"line":297,"type":"binary-expr","locations":[{"start":{"line":297,"column":12},"end":{"line":297,"column":64},"skip":true},{"start":{"line":298,"column":12},"end":{"line":301,"column":36},"skip":true}]},"24":{"line":303,"type":"binary-expr","locations":[{"start":{"line":303,"column":43},"end":{"line":303,"column":75},"skip":true},{"start":{"line":303,"column":79},"end":{"line":303,"column":81},"skip":true}]},"25":{"line":306,"type":"if","locations":[{"start":{"line":306,"column":8},"end":{"line":306,"column":8},"skip":true},{"start":{"line":306,"column":8},"end":{"line":306,"column":8},"skip":true}]},"26":{"line":310,"type":"if","locations":[{"start":{"line":310,"column":8},"end":{"line":310,"column":8},"skip":true},{"start":{"line":310,"column":8},"end":{"line":310,"column":8},"skip":true}]},"27":{"line":313,"type":"binary-expr","locations":[{"start":{"line":313,"column":27},"end":{"line":313,"column":43},"skip":true},{"start":{"line":313,"column":47},"end":{"line":313,"column":53},"skip":true}]},"28":{"line":317,"type":"if","locations":[{"start":{"line":317,"column":12},"end":{"line":317,"column":12},"skip":true},{"start":{"line":317,"column":12},"end":{"line":317,"column":12},"skip":true}]}},"code":["/*","example.js","","quickstart example","","instruction","    1. save this script as example.js","    2. run the shell command:","        $ npm install npmtest-osprey && PORT=8081 node example.js","    3. play with the browser-demo on http://127.0.0.1:8081","*/","","","","/* istanbul instrument in package npmtest_osprey */","/*jslint","    bitwise: true,","    browser: true,","    maxerr: 8,","    maxlen: 96,","    node: true,","    nomen: true,","    regexp: true,","    stupid: true","*/","(function () {","    'use strict';","    var local;","","","","    // run shared js-env code - pre-init","    (function () {","        // init local","        local = {};","        // init modeJs","        local.modeJs = (function () {","            try {","                return typeof navigator.userAgent === 'string' &&","                    typeof document.querySelector('body') === 'object' &&","                    typeof XMLHttpRequest.prototype.open === 'function' &&","                    'browser';","            } catch (errorCaughtBrowser) {","                return module.exports &&","                    typeof process.versions.node === 'string' &&","                    typeof require('http').createServer === 'function' &&","                    'node';","            }","        }());","        // init global","        local.global = local.modeJs === 'browser'","            ? window","            : global;","        // init utility2_rollup","        local = local.global.utility2_rollup || (local.modeJs === 'browser'","            ? local.global.utility2_npmtest_osprey","            : global.utility2_moduleExports);","        // export local","        local.global.local = local;","    }());","    switch (local.modeJs) {","","","","    // post-init","    // run browser js-env code - post-init","    /* istanbul ignore next */","    case 'browser':","        local.testRunBrowser = function (event) {","            if (!event || (event &&","                    event.currentTarget &&","                    event.currentTarget.className &&","                    event.currentTarget.className.includes &&","                    event.currentTarget.className.includes('onreset'))) {","                // reset output","                Array.from(","                    document.querySelectorAll('body > .resettable')","                ).forEach(function (element) {","                    switch (element.tagName) {","                    case 'INPUT':","                    case 'TEXTAREA':","                        element.value = '';","                        break;","                    default:","                        element.textContent = '';","                    }","                });","            }","            switch (event && event.currentTarget && event.currentTarget.id) {","            case 'testRunButton1':","                // show tests","                if (document.querySelector('#testReportDiv1').style.display === 'none') {","                    document.querySelector('#testReportDiv1').style.display = 'block';","                    document.querySelector('#testRunButton1').textContent =","                        'hide internal test';","                    local.modeTest = true;","                    local.testRunDefault(local);","                // hide tests","                } else {","                    document.querySelector('#testReportDiv1').style.display = 'none';","                    document.querySelector('#testRunButton1').textContent = 'run internal test';","                }","                break;","            // custom-case","            default:","                break;","            }","            if (document.querySelector('#inputTextareaEval1') && (!event || (event &&","                    event.currentTarget &&","                    event.currentTarget.className &&","                    event.currentTarget.className.includes &&","                    event.currentTarget.className.includes('oneval')))) {","                // try to eval input-code","                try {","                    /*jslint evil: true*/","                    eval(document.querySelector('#inputTextareaEval1').value);","                } catch (errorCaught) {","                    console.error(errorCaught);","                }","            }","        };","        // log stderr and stdout to #outputTextareaStdout1","        ['error', 'log'].forEach(function (key) {","            console[key + '_original'] = console[key];","            console[key] = function () {","                var element;","                console[key + '_original'].apply(console, arguments);","                element = document.querySelector('#outputTextareaStdout1');","                if (!element) {","                    return;","                }","                // append text to #outputTextareaStdout1","                element.value += Array.from(arguments).map(function (arg) {","                    return typeof arg === 'string'","                        ? arg","                        : JSON.stringify(arg, null, 4);","                }).join(' ') + '\\n';","                // scroll textarea to bottom","                element.scrollTop = element.scrollHeight;","            };","        });","        // init event-handling","        ['change', 'click', 'keyup'].forEach(function (event) {","            Array.from(document.querySelectorAll('.on' + event)).forEach(function (element) {","                element.addEventListener(event, local.testRunBrowser);","            });","        });","        // run tests","        local.testRunBrowser();","        break;","","","","    // run node js-env code - post-init","    /* istanbul ignore next */","    case 'node':","        // export local","        module.exports = local;","        // require modules","        local.fs = require('fs');","        local.http = require('http');","        local.url = require('url');","        // init assets","        local.assetsDict = local.assetsDict || {};","        /* jslint-ignore-begin */","        local.assetsDict['/assets.index.template.html'] = '\\","<!doctype html>\\n\\","<html lang=\"en\">\\n\\","<head>\\n\\","<meta charset=\"UTF-8\">\\n\\","<meta name=\"viewport\" content=\"width=device-width, initial-scale=1\">\\n\\","<title>{{env.npm_package_name}} (v{{env.npm_package_version}})</title>\\n\\","<style>\\n\\","/*csslint\\n\\","    box-sizing: false,\\n\\","    universal-selector: false\\n\\","*/\\n\\","* {\\n\\","    box-sizing: border-box;\\n\\","}\\n\\","body {\\n\\","    background: #dde;\\n\\","    font-family: Arial, Helvetica, sans-serif;\\n\\","    margin: 2rem;\\n\\","}\\n\\","body > * {\\n\\","    margin-bottom: 1rem;\\n\\","}\\n\\",".utility2FooterDiv {\\n\\","    margin-top: 20px;\\n\\","    text-align: center;\\n\\","}\\n\\","</style>\\n\\","<style>\\n\\","/*csslint\\n\\","*/\\n\\","textarea {\\n\\","    font-family: monospace;\\n\\","    height: 10rem;\\n\\","    width: 100%;\\n\\","}\\n\\","textarea[readonly] {\\n\\","    background: #ddd;\\n\\","}\\n\\","</style>\\n\\","</head>\\n\\","<body>\\n\\","<!-- utility2-comment\\n\\","<div id=\"ajaxProgressDiv1\" style=\"background: #d00; height: 2px; left: 0; margin: 0; padding: 0; position: fixed; top: 0; transition: background 0.5s, width 1.5s; width: 25%;\"></div>\\n\\","utility2-comment -->\\n\\","<h1>\\n\\","<!-- utility2-comment\\n\\","    <a\\n\\","        {{#if env.npm_package_homepage}}\\n\\","        href=\"{{env.npm_package_homepage}}\"\\n\\","        {{/if env.npm_package_homepage}}\\n\\","        target=\"_blank\"\\n\\","    >\\n\\","utility2-comment -->\\n\\","        {{env.npm_package_name}} (v{{env.npm_package_version}})\\n\\","<!-- utility2-comment\\n\\","    </a>\\n\\","utility2-comment -->\\n\\","</h1>\\n\\","<h3>{{env.npm_package_description}}</h3>\\n\\","<!-- utility2-comment\\n\\","<h4><a download href=\"assets.app.js\">download standalone app</a></h4>\\n\\","<button class=\"onclick onreset\" id=\"testRunButton1\">run internal test</button><br>\\n\\","<div id=\"testReportDiv1\" style=\"display: none;\"></div>\\n\\","utility2-comment -->\\n\\","\\n\\","\\n\\","\\n\\","<label>stderr and stdout</label>\\n\\","<textarea class=\"resettable\" id=\"outputTextareaStdout1\" readonly></textarea>\\n\\","<!-- utility2-comment\\n\\","{{#if isRollup}}\\n\\","<script src=\"assets.app.js\"></script>\\n\\","{{#unless isRollup}}\\n\\","utility2-comment -->\\n\\","<script src=\"assets.utility2.rollup.js\"></script>\\n\\","<script src=\"jsonp.utility2._stateInit?callback=window.utility2._stateInit\"></script>\\n\\","<script src=\"assets.npmtest_osprey.rollup.js\"></script>\\n\\","<script src=\"assets.example.js\"></script>\\n\\","<script src=\"assets.test.js\"></script>\\n\\","<!-- utility2-comment\\n\\","{{/if isRollup}}\\n\\","utility2-comment -->\\n\\","<div class=\"utility2FooterDiv\">\\n\\","    [ this app was created with\\n\\","    <a href=\"https://github.com/kaizhu256/node-utility2\" target=\"_blank\">utility2</a>\\n\\","    ]\\n\\","</div>\\n\\","</body>\\n\\","</html>\\n\\","';","        /* jslint-ignore-end */","        if (local.templateRender) {","            local.assetsDict['/'] = local.templateRender(","                local.assetsDict['/assets.index.template.html'],","                {","                    env: local.objectSetDefault(local.env, {","                        npm_package_description: 'the greatest app in the world!',","                        npm_package_name: 'my-app',","                        npm_package_nameAlias: 'my_app',","                        npm_package_version: '0.0.1'","                    })","                }","            );","        } else {","            local.assetsDict['/'] = local.assetsDict['/assets.index.template.html']","                .replace((/\\{\\{env\\.(\\w+?)\\}\\}/g), function (match0, match1) {","                    // jslint-hack","                    String(match0);","                    switch (match1) {","                    case 'npm_package_description':","                        return 'the greatest app in the world!';","                    case 'npm_package_name':","                        return 'my-app';","                    case 'npm_package_nameAlias':","                        return 'my_app';","                    case 'npm_package_version':","                        return '0.0.1';","                    }","                });","        }","        // run the cli","        if (local.global.utility2_rollup || module !== require.main) {","            break;","        }","        local.assetsDict['/assets.example.js'] =","            local.assetsDict['/assets.example.js'] ||","            local.fs.readFileSync(__filename, 'utf8');","        // bug-workaround - long $npm_package_buildCustomOrg","        /* jslint-ignore-begin */","        local.assetsDict['/assets.npmtest_osprey.rollup.js'] =","            local.assetsDict['/assets.npmtest_osprey.rollup.js'] ||","            local.fs.readFileSync(","                local.npmtest_osprey.__dirname + '/lib.npmtest_osprey.js',","                'utf8'","            ).replace((/^#!/), '//');","        /* jslint-ignore-end */","        local.assetsDict['/favicon.ico'] = local.assetsDict['/favicon.ico'] || '';","        // if $npm_config_timeout_exit exists,","        // then exit this process after $npm_config_timeout_exit ms","        if (Number(process.env.npm_config_timeout_exit)) {","            setTimeout(process.exit, Number(process.env.npm_config_timeout_exit));","        }","        // start server","        if (local.global.utility2_serverHttp1) {","            break;","        }","        process.env.PORT = process.env.PORT || '8081';","        console.error('server starting on port ' + process.env.PORT);","        local.http.createServer(function (request, response) {","            request.urlParsed = local.url.parse(request.url);","            if (local.assetsDict[request.urlParsed.pathname] !== undefined) {","                response.end(local.assetsDict[request.urlParsed.pathname]);","                return;","            }","            response.statusCode = 404;","            response.end();","        }).listen(process.env.PORT);","        break;","    }","}());",""],"l":{"26":2,"28":2,"33":2,"35":2,"37":2,"38":2,"39":2,"44":1,"51":2,"55":2,"59":2,"61":2,"69":1,"70":2,"76":2,"79":2,"82":2,"83":2,"85":1,"89":2,"92":1,"93":1,"94":1,"96":1,"97":1,"100":1,"101":1,"103":1,"106":1,"108":2,"114":1,"116":1,"118":1,"123":1,"124":2,"125":2,"126":3,"127":3,"128":3,"129":3,"130":1,"133":3,"134":3,"139":3,"143":1,"144":3,"145":1,"149":1,"150":1,"158":1,"160":1,"161":1,"162":1,"164":1,"166":1,"258":1,"259":1,"271":1,"274":6,"275":6,"277":1,"279":2,"281":1,"283":2,"288":1,"289":1,"291":1,"296":1,"303":1,"306":1,"307":1,"310":1,"311":1,"313":1,"314":1,"315":1,"316":1,"317":1,"318":1,"319":1,"321":1,"322":1,"324":1}},"/home/travis/build/npmtest/node-npmtest-osprey/node_modules/osprey/osprey.js":{"path":"/home/travis/build/npmtest/node-npmtest-osprey/node_modules/osprey/osprey.js","s":{"1":1,"2":1,"3":1,"4":1,"5":1,"6":1,"7":1,"8":1,"9":1,"10":1,"11":1,"12":1,"13":1,"14":1,"15":0,"16":1,"17":0,"18":0,"19":0,"20":0,"21":0,"22":0,"23":0,"24":0,"25":0,"26":0,"27":0,"28":0,"29":0,"30":0},"b":{"1":[0,0],"2":[0,0],"3":[0,0]},"f":{"1":0,"2":0,"3":0},"fnMap":{"1":{"name":"(anonymous_1)","line":22,"loc":{"start":{"line":22,"column":24},"end":{"line":22,"column":47}}},"2":{"name":"(anonymous_2)","line":33,"loc":{"start":{"line":33,"column":19},"end":{"line":33,"column":41}}},"3":{"name":"(anonymous_3)","line":38,"loc":{"start":{"line":38,"column":10},"end":{"line":38,"column":29}}}},"statementMap":{"1":{"start":{"line":1,"column":0},"end":{"line":1,"column":37}},"2":{"start":{"line":2,"column":0},"end":{"line":2,"column":51}},"3":{"start":{"line":3,"column":0},"end":{"line":3,"column":52}},"4":{"start":{"line":4,"column":0},"end":{"line":4,"column":36}},"5":{"start":{"line":5,"column":0},"end":{"line":5,"column":34}},"6":{"start":{"line":6,"column":0},"end":{"line":6,"column":40}},"7":{"start":{"line":7,"column":0},"end":{"line":7,"column":51}},"8":{"start":{"line":8,"column":0},"end":{"line":8,"column":29}},"9":{"start":{"line":13,"column":0},"end":{"line":13,"column":23}},"10":{"start":{"line":14,"column":0},"end":{"line":14,"column":23}},"11":{"start":{"line":15,"column":0},"end":{"line":15,"column":21}},"12":{"start":{"line":16,"column":0},"end":{"line":16,"column":27}},"13":{"start":{"line":17,"column":0},"end":{"line":17,"column":35}},"14":{"start":{"line":22,"column":0},"end":{"line":24,"column":1}},"15":{"start":{"line":23,"column":2},"end":{"line":23,"column":42}},"16":{"start":{"line":33,"column":0},"end":{"line":60,"column":1}},"17":{"start":{"line":34,"column":2},"end":{"line":34,"column":26}},"18":{"start":{"line":36,"column":2},"end":{"line":59,"column":6}},"19":{"start":{"line":39,"column":6},"end":{"line":41,"column":8}},"20":{"start":{"line":42,"column":6},"end":{"line":42,"column":25}},"21":{"start":{"line":43,"column":6},"end":{"line":43,"column":96}},"22":{"start":{"line":44,"column":6},"end":{"line":44,"column":52}},"23":{"start":{"line":46,"column":6},"end":{"line":48,"column":7}},"24":{"start":{"line":47,"column":8},"end":{"line":47,"column":57}},"25":{"start":{"line":50,"column":6},"end":{"line":50,"column":30}},"26":{"start":{"line":52,"column":6},"end":{"line":54,"column":7}},"27":{"start":{"line":53,"column":8},"end":{"line":53,"column":30}},"28":{"start":{"line":56,"column":6},"end":{"line":56,"column":38}},"29":{"start":{"line":57,"column":6},"end":{"line":57,"column":58}},"30":{"start":{"line":58,"column":6},"end":{"line":58,"column":19}}},"branchMap":{"1":{"line":34,"type":"binary-expr","locations":[{"start":{"line":34,"column":16},"end":{"line":34,"column":20}},{"start":{"line":34,"column":24},"end":{"line":34,"column":26}}]},"2":{"line":46,"type":"if","locations":[{"start":{"line":46,"column":6},"end":{"line":46,"column":6}},{"start":{"line":46,"column":6},"end":{"line":46,"column":6}}]},"3":{"line":52,"type":"if","locations":[{"start":{"line":52,"column":6},"end":{"line":52,"column":6}},{"start":{"line":52,"column":6},"end":{"line":52,"column":6}}]}},"code":["var Router = require('osprey-router')","var compose = require('compose-middleware').compose","var methodHandler = require('osprey-method-handler')","var server = require('./lib/server')","var proxy = require('./lib/proxy')","var security = require('./lib/security')","var errorHandler = require('request-error-handler')","var extend = require('xtend')","","/**"," * Expose functions."," */","exports.Router = Router","exports.server = server","exports.proxy = proxy","exports.security = security","exports.errorHandler = errorHandler","","/**"," * Proxy JSON schema addition to method handler."," */","exports.addJsonSchema = function (schema, key) {","  methodHandler.addJsonSchema(schema, key)","}","","/**"," * Load an Osprey server directly from a RAML file."," *"," * @param  {String}  path"," * @param  {Object}  opts"," * @return {Promise}"," */","exports.loadFile = function (path, opts) {","  var options = opts || {}","","  return require('raml-1-parser')","    .loadRAML(path, { rejectOnErrors: true })","    .then(function (ramlApi) {","      var raml = ramlApi.expand(true).toJSON({","        serializeMetadata: false","      })","      var middleware = []","      var handler = server(raml, extend({ RAMLVersion: ramlApi.RAMLVersion() }, options.server))","      var error = errorHandler(options.errorHandler)","","      if (options.security) {","        middleware.push(security(raml, options.security))","      }","","      middleware.push(handler)","","      if (!options.disableErrorInterception) {","        middleware.push(error)","      }","","      var result = compose(middleware)","      result.ramlUriParameters = handler.ramlUriParameters","      return result","    })","}",""],"l":{"1":1,"2":1,"3":1,"4":1,"5":1,"6":1,"7":1,"8":1,"13":1,"14":1,"15":1,"16":1,"17":1,"22":1,"23":0,"33":1,"34":0,"36":0,"39":0,"42":0,"43":0,"44":0,"46":0,"47":0,"50":0,"52":0,"53":0,"56":0,"57":0,"58":0}},"/home/travis/build/npmtest/node-npmtest-osprey/node_modules/osprey-router/osprey-router.js":{"path":"/home/travis/build/npmtest/node-npmtest-osprey/node_modules/osprey-router/osprey-router.js","s":{"1":1,"2":1,"3":1,"4":1,"5":1,"6":1,"7":1,"8":1,"9":0,"10":1,"11":0,"12":0,"13":0,"14":0,"15":1,"16":1,"17":0,"18":0,"19":0,"20":0,"21":0,"22":0,"23":0,"24":0,"25":0,"26":0,"27":0,"28":0,"29":0,"30":0,"31":1,"32":0,"33":0,"34":0,"35":0,"36":1,"37":34,"38":0,"39":0,"40":0,"41":0,"42":1,"43":0},"b":{"1":[0,0,0],"2":[0,0,0],"3":[0,0],"4":[0,0],"5":[0,0],"6":[0,0],"7":[0,0]},"f":{"1":0,"2":0,"3":0,"4":0,"5":34,"6":0,"7":0},"fnMap":{"1":{"name":"router","line":19,"loc":{"start":{"line":19,"column":0},"end":{"line":19,"column":26}}},"2":{"name":"Router","line":26,"loc":{"start":{"line":26,"column":0},"end":{"line":26,"column":26}}},"3":{"name":"use","line":44,"loc":{"start":{"line":44,"column":23},"end":{"line":44,"column":39}}},"4":{"name":"route","line":77,"loc":{"start":{"line":77,"column":25},"end":{"line":77,"column":55}}},"5":{"name":"(anonymous_5)","line":93,"loc":{"start":{"line":93,"column":30},"end":{"line":93,"column":48}}},"6":{"name":"(anonymous_6)","line":94,"loc":{"start":{"line":94,"column":29},"end":{"line":94,"column":53}}},"7":{"name":"isMiddleware","line":110,"loc":{"start":{"line":110,"column":0},"end":{"line":110,"column":30}}}},"statementMap":{"1":{"start":{"line":1,"column":0},"end":{"line":1,"column":37}},"2":{"start":{"line":2,"column":0},"end":{"line":2,"column":32}},"3":{"start":{"line":3,"column":0},"end":{"line":3,"column":38}},"4":{"start":{"line":4,"column":0},"end":{"line":4,"column":41}},"5":{"start":{"line":5,"column":0},"end":{"line":5,"column":29}},"6":{"start":{"line":6,"column":0},"end":{"line":6,"column":33}},"7":{"start":{"line":11,"column":0},"end":{"line":11,"column":23}},"8":{"start":{"line":19,"column":0},"end":{"line":21,"column":1}},"9":{"start":{"line":20,"column":2},"end":{"line":20,"column":28}},"10":{"start":{"line":26,"column":0},"end":{"line":34,"column":1}},"11":{"start":{"line":27,"column":2},"end":{"line":27,"column":41}},"12":{"start":{"line":30,"column":2},"end":{"line":30,"column":71}},"13":{"start":{"line":31,"column":2},"end":{"line":31,"column":66}},"14":{"start":{"line":33,"column":2},"end":{"line":33,"column":15}},"15":{"start":{"line":39,"column":0},"end":{"line":39,"column":50}},"16":{"start":{"line":44,"column":0},"end":{"line":72,"column":1}},"17":{"start":{"line":45,"column":2},"end":{"line":45,"column":16}},"18":{"start":{"line":46,"column":2},"end":{"line":46,"column":16}},"19":{"start":{"line":47,"column":2},"end":{"line":47,"column":12}},"20":{"start":{"line":49,"column":2},"end":{"line":57,"column":3}},"21":{"start":{"line":50,"column":4},"end":{"line":50,"column":23}},"22":{"start":{"line":51,"column":4},"end":{"line":51,"column":14}},"23":{"start":{"line":53,"column":4},"end":{"line":56,"column":5}},"24":{"start":{"line":54,"column":6},"end":{"line":54,"column":27}},"25":{"start":{"line":55,"column":6},"end":{"line":55,"column":16}},"26":{"start":{"line":59,"column":2},"end":{"line":59,"column":56}},"27":{"start":{"line":60,"column":2},"end":{"line":60,"column":53}},"28":{"start":{"line":62,"column":2},"end":{"line":67,"column":4}},"29":{"start":{"line":69,"column":2},"end":{"line":69,"column":33}},"30":{"start":{"line":71,"column":2},"end":{"line":71,"column":64}},"31":{"start":{"line":77,"column":0},"end":{"line":90,"column":1}},"32":{"start":{"line":78,"column":2},"end":{"line":78,"column":53}},"33":{"start":{"line":80,"column":2},"end":{"line":85,"column":4}},"34":{"start":{"line":87,"column":2},"end":{"line":87,"column":33}},"35":{"start":{"line":89,"column":2},"end":{"line":89,"column":55}},"36":{"start":{"line":93,"column":0},"end":{"line":102,"column":2}},"37":{"start":{"line":94,"column":2},"end":{"line":101,"column":3}},"38":{"start":{"line":95,"column":4},"end":{"line":95,"column":41}},"39":{"start":{"line":96,"column":4},"end":{"line":96,"column":59}},"40":{"start":{"line":98,"column":4},"end":{"line":98,"column":72}},"41":{"start":{"line":100,"column":4},"end":{"line":100,"column":15}},"42":{"start":{"line":110,"column":0},"end":{"line":112,"column":1}},"43":{"start":{"line":111,"column":2},"end":{"line":111,"column":60}}},"branchMap":{"1":{"line":30,"type":"binary-expr","locations":[{"start":{"line":30,"column":29},"end":{"line":30,"column":36}},{"start":{"line":30,"column":40},"end":{"line":30,"column":65}},{"start":{"line":30,"column":69},"end":{"line":30,"column":71}}]},"2":{"line":31,"type":"binary-expr","locations":[{"start":{"line":31,"column":23},"end":{"line":31,"column":30}},{"start":{"line":31,"column":34},"end":{"line":31,"column":53}},{"start":{"line":31,"column":57},"end":{"line":31,"column":66}}]},"3":{"line":49,"type":"if","locations":[{"start":{"line":49,"column":2},"end":{"line":49,"column":2}},{"start":{"line":49,"column":2},"end":{"line":49,"column":2}}]},"4":{"line":53,"type":"if","locations":[{"start":{"line":53,"column":4},"end":{"line":53,"column":4}},{"start":{"line":53,"column":4},"end":{"line":53,"column":4}}]},"5":{"line":96,"type":"cond-expr","locations":[{"start":{"line":96,"column":45},"end":{"line":96,"column":51}},{"start":{"line":96,"column":54},"end":{"line":96,"column":58}}]},"6":{"line":98,"type":"cond-expr","locations":[{"start":{"line":98,"column":65},"end":{"line":98,"column":66}},{"start":{"line":98,"column":69},"end":{"line":98,"column":70}}]},"7":{"line":111,"type":"binary-expr","locations":[{"start":{"line":111,"column":9},"end":{"line":111,"column":36}},{"start":{"line":111,"column":40},"end":{"line":111,"column":60}}]}},"code":["var Engine = require('router/engine')","var methods = require('methods')","var flatten = require('array-flatten')","var ramlPath = require('raml-path-match')","var extend = require('xtend')","var slice = Array.prototype.slice","","/**"," * Expose `router`."," */","module.exports = router","","/**"," * Initialize router instance."," *"," * @param  {Object}   options"," * @return {Function}"," */","function router (options) {","  return new Router(options)","}","","/**"," * Construct a router instance."," */","function Router (options) {","  var router = Engine.call(this, options)","","  // Construct with default URI parameters.","  router.ramlUriParameters = options && options.ramlUriParameters || {}","  router.RAMLVersion = options && options.RAMLVersion || undefined","","  return router","}","","/**"," * Inherits from the router engine."," */","Router.prototype = Object.create(Engine.prototype)","","/**"," * Create a `raml-path-match` compatible `.use`."," */","Router.prototype.use = function use () {","  var offset = 0","  var path = '/'","  var schema","","  if (!isMiddleware(arguments[0])) {","    path = arguments[0]","    offset = 1","","    if (!isMiddleware(arguments[1])) {","      schema = arguments[1]","      offset = 2","    }","  }","","  var callbacks = flatten(slice.call(arguments, offset))","  var params = extend(this.ramlUriParameters, schema)","","  var match = ramlPath(path, params, {","    sensitive: this.caseSensitive,","    strict: this.strict,","    end: false,","    RAMLVersion: this.RAMLVersion","  })","","  this.ramlUriParameters = params","","  return Engine.prototype.use.call(this, path, match, callbacks)","}","","/**"," * Create a `raml-path-match` compatible route."," */","Router.prototype.route = function route (path, schema) {","  var params = extend(this.ramlUriParameters, schema)","","  var match = ramlPath(path, params, {","    sensitive: this.caseSensitive,","    strict: this.strict,","    end: true,","    RAMLVersion: this.RAMLVersion","  })","","  this.ramlUriParameters = params","","  return Engine.prototype.route.call(this, path, match)","}","","// create Router#VERB functions","methods.concat('all').forEach(function (method) {","  Router.prototype[method] = function (path, schema) {","    var hasSchema = !isMiddleware(schema)","    var route = this.route(path, hasSchema ? schema : null)","","    route[method].apply(route, slice.call(arguments, hasSchema ? 2 : 1))","","    return this","  }","})","","/**"," * Check if a value is possible middleware."," *"," * @param  {*}       value"," * @return {Boolean}"," */","function isMiddleware (value) {","  return typeof value === 'function' || Array.isArray(value)","}",""],"l":{"1":1,"2":1,"3":1,"4":1,"5":1,"6":1,"11":1,"19":1,"20":0,"26":1,"27":0,"30":0,"31":0,"33":0,"39":1,"44":1,"45":0,"46":0,"47":0,"49":0,"50":0,"51":0,"53":0,"54":0,"55":0,"59":0,"60":0,"62":0,"69":0,"71":0,"77":1,"78":0,"80":0,"87":0,"89":0,"93":1,"94":34,"95":0,"96":0,"98":0,"100":0,"110":1,"111":0}},"/home/travis/build/npmtest/node-npmtest-osprey/node_modules/osprey-method-handler/osprey-method-handler.js":{"path":"/home/travis/build/npmtest/node-npmtest-osprey/node_modules/osprey-method-handler/osprey-method-handler.js","s":{"1":1,"2":1,"3":1,"4":1,"5":1,"6":1,"7":1,"8":1,"9":1,"10":1,"11":1,"12":1,"13":1,"14":1,"15":1,"16":1,"17":1,"18":1,"19":1,"20":46,"21":1,"22":1,"23":0,"24":1,"25":1,"26":1,"27":0,"28":1,"29":0,"30":0,"31":0,"32":0,"33":0,"34":0,"35":0,"36":0,"37":0,"38":0,"39":0,"40":0,"41":0,"42":0,"43":0,"44":0,"45":0,"46":0,"47":0,"48":0,"49":1,"50":0,"51":0,"52":0,"53":0,"54":0,"55":0,"56":0,"57":0,"58":0,"59":0,"60":0,"61":0,"62":0,"63":0,"64":0,"65":0,"66":0,"67":0,"68":1,"69":0,"70":0,"71":0,"72":0,"73":0,"74":0,"75":0,"76":0,"77":0,"78":0,"79":0,"80":0,"81":0,"82":0,"83":1,"84":0,"85":0,"86":0,"87":1,"88":0,"89":0,"90":0,"91":0,"92":0,"93":0,"94":0,"95":0,"96":0,"97":0,"98":1,"99":0,"100":0,"101":0,"102":0,"103":0,"104":0,"105":0,"106":0,"107":0,"108":0,"109":0,"110":0,"111":0,"112":0,"113":0,"114":0,"115":0,"116":0,"117":0,"118":0,"119":0,"120":0,"121":1,"122":0,"123":0,"124":0,"125":0,"126":0,"127":0,"128":0,"129":0,"130":0,"131":0,"132":0,"133":0,"134":0,"135":0,"136":0,"137":0,"138":0,"139":0,"140":0,"141":0,"142":0,"143":0,"144":0,"145":0,"146":0,"147":0,"148":0,"149":0,"150":0,"151":0,"152":0,"153":0,"154":0,"155":0,"156":0,"157":0,"158":1,"159":0,"160":0,"161":0,"162":0,"163":0,"164":0,"165":0,"166":0,"167":0,"168":0,"169":0,"170":0,"171":0,"172":0,"173":0,"174":0,"175":0,"176":0,"177":0,"178":0,"179":0,"180":1,"181":0,"182":0,"183":0,"184":0,"185":0,"186":0,"187":1,"188":0,"189":0,"190":0,"191":0,"192":0,"193":0,"194":0,"195":0,"196":0,"197":1,"198":0,"199":0,"200":0,"201":0,"202":0,"203":1,"204":0,"205":0,"206":1,"207":0,"208":0,"209":0,"210":0,"211":0,"212":0,"213":0,"214":0,"215":1,"216":0,"217":0,"218":0,"219":0,"220":0,"221":0,"222":1,"223":0,"224":0,"225":0,"226":0,"227":0,"228":0,"229":0,"230":0,"231":0,"232":0,"233":1,"234":0,"235":0,"236":0,"237":0,"238":0,"239":0,"240":0,"241":0,"242":0,"243":0,"244":0,"245":0,"246":0,"247":0,"248":0,"249":0,"250":0,"251":0,"252":0,"253":0,"254":0,"255":0,"256":0,"257":0,"258":0,"259":0,"260":0,"261":0,"262":0,"263":0,"264":0,"265":0,"266":0,"267":0,"268":0,"269":0,"270":0,"271":0,"272":0,"273":0,"274":0,"275":0,"276":0,"277":1,"278":0,"279":0,"280":0,"281":0,"282":1,"283":0,"284":0,"285":0,"286":0,"287":0,"288":0,"289":1,"290":0,"291":0,"292":0,"293":1,"294":1,"295":0,"296":0,"297":1,"298":0,"299":0,"300":1,"301":0,"302":0},"b":{"1":[0,0],"2":[0,0],"3":[0,0],"4":[0,0],"5":[0,0],"6":[0,0],"7":[0,0],"8":[0,0],"9":[0,0],"10":[0,0,0],"11":[0,0],"12":[0,0],"13":[0,0],"14":[0,0],"15":[0,0],"16":[0,0],"17":[0,0],"18":[0,0],"19":[0,0],"20":[0,0],"21":[0,0],"22":[0,0],"23":[0,0],"24":[0,0],"25":[0,0],"26":[0,0,0,0],"27":[0,0],"28":[0,0],"29":[0,0],"30":[0,0],"31":[0,0],"32":[0,0],"33":[0,0],"34":[0,0],"35":[0,0],"36":[0,0],"37":[0,0],"38":[0,0],"39":[0,0],"40":[0,0],"41":[0,0],"42":[0,0],"43":[0,0],"44":[0,0],"45":[0,0,0,0],"46":[0,0],"47":[0,0],"48":[0,0],"49":[0,0],"50":[0,0],"51":[0,0,0,0],"52":[0,0],"53":[0,0,0],"54":[0,0],"55":[0,0],"56":[0,0],"57":[0,0],"58":[0,0],"59":[0,0],"60":[0,0],"61":[0,0],"62":[0,0],"63":[0,0],"64":[0,0],"65":[0,0],"66":[0,0]},"f":{"1":46,"2":0,"3":0,"4":0,"5":0,"6":0,"7":0,"8":0,"9":0,"10":0,"11":0,"12":0,"13":0,"14":0,"15":0,"16":0,"17":0,"18":0,"19":0,"20":0,"21":0,"22":0,"23":0,"24":0,"25":0,"26":0,"27":0,"28":0,"29":0,"30":0,"31":0,"32":0,"33":0,"34":0,"35":0,"36":0,"37":0,"38":0,"39":0,"40":0,"41":0,"42":0,"43":0,"44":0,"45":0,"46":0,"47":0,"48":0,"49":0,"50":0,"51":0,"52":0,"53":0},"fnMap":{"1":{"name":"(anonymous_1)","line":34,"loc":{"start":{"line":34,"column":32},"end":{"line":34,"column":50}}},"2":{"name":"(anonymous_2)","line":59,"loc":{"start":{"line":59,"column":26},"end":{"line":59,"column":44}}},"3":{"name":"addJsonSchema","line":75,"loc":{"start":{"line":75,"column":0},"end":{"line":75,"column":37}}},"4":{"name":"ospreyMethodHandler","line":88,"loc":{"start":{"line":88,"column":0},"end":{"line":88,"column":61}}},"5":{"name":"(anonymous_5)","line":95,"loc":{"start":{"line":95,"column":18},"end":{"line":95,"column":44}}},"6":{"name":"acceptsHandler","line":149,"loc":{"start":{"line":149,"column":0},"end":{"line":149,"column":50}}},"7":{"name":"(anonymous_7)","line":154,"loc":{"start":{"line":154,"column":12},"end":{"line":154,"column":28}}},"8":{"name":"(anonymous_8)","line":157,"loc":{"start":{"line":157,"column":13},"end":{"line":157,"column":29}}},"9":{"name":"(anonymous_9)","line":161,"loc":{"start":{"line":161,"column":32},"end":{"line":161,"column":48}}},"10":{"name":"ospreyAccepts","line":178,"loc":{"start":{"line":178,"column":9},"end":{"line":178,"column":49}}},"11":{"name":"queryHandler","line":200,"loc":{"start":{"line":200,"column":0},"end":{"line":200,"column":63}}},"12":{"name":"ospreyQuery","line":204,"loc":{"start":{"line":204,"column":9},"end":{"line":204,"column":47}}},"13":{"name":"parseQuerystring","line":229,"loc":{"start":{"line":229,"column":0},"end":{"line":229,"column":34}}},"14":{"name":"headerHandler","line":246,"loc":{"start":{"line":246,"column":0},"end":{"line":246,"column":65}}},"15":{"name":"ospreyMethodHeader","line":251,"loc":{"start":{"line":251,"column":9},"end":{"line":251,"column":54}}},"16":{"name":"bodyHandler","line":275,"loc":{"start":{"line":275,"column":0},"end":{"line":275,"column":53}}},"17":{"name":"(anonymous_17)","line":279,"loc":{"start":{"line":279,"column":16},"end":{"line":279,"column":32}}},"18":{"name":"(anonymous_18)","line":281,"loc":{"start":{"line":281,"column":14},"end":{"line":281,"column":33}}},"19":{"name":"(anonymous_19)","line":291,"loc":{"start":{"line":291,"column":21},"end":{"line":291,"column":40}}},"20":{"name":"ospreyContentType","line":302,"loc":{"start":{"line":302,"column":9},"end":{"line":302,"column":53}}},"21":{"name":"jsonBodyHandler","line":338,"loc":{"start":{"line":338,"column":0},"end":{"line":338,"column":55}}},"22":{"name":"(anonymous_22)","line":374,"loc":{"start":{"line":374,"column":20},"end":{"line":374,"column":46}}},"23":{"name":"(anonymous_23)","line":387,"loc":{"start":{"line":387,"column":20},"end":{"line":387,"column":46}}},"24":{"name":"(anonymous_24)","line":400,"loc":{"start":{"line":400,"column":20},"end":{"line":400,"column":46}}},"25":{"name":"(anonymous_25)","line":401,"loc":{"start":{"line":401,"column":63},"end":{"line":401,"column":78}}},"26":{"name":"jsonBodyValidationHandler","line":426,"loc":{"start":{"line":426,"column":0},"end":{"line":426,"column":67}}},"27":{"name":"ospreyJsonBody","line":453,"loc":{"start":{"line":453,"column":9},"end":{"line":453,"column":50}}},"28":{"name":"urlencodedBodyHandler","line":482,"loc":{"start":{"line":482,"column":0},"end":{"line":482,"column":61}}},"29":{"name":"urlencodedBodyValidationHandler","line":506,"loc":{"start":{"line":506,"column":0},"end":{"line":506,"column":63}}},"30":{"name":"ospreyUrlencodedBody","line":510,"loc":{"start":{"line":510,"column":9},"end":{"line":510,"column":56}}},"31":{"name":"xmlBodyHandler","line":534,"loc":{"start":{"line":534,"column":0},"end":{"line":534,"column":54}}},"32":{"name":"xmlBodyParser","line":551,"loc":{"start":{"line":551,"column":0},"end":{"line":551,"column":33}}},"33":{"name":"xmlParser","line":556,"loc":{"start":{"line":556,"column":2},"end":{"line":556,"column":38}}},"34":{"name":"getLibXml","line":581,"loc":{"start":{"line":581,"column":0},"end":{"line":581,"column":22}}},"35":{"name":"xmlBodyValidationHandler","line":602,"loc":{"start":{"line":602,"column":0},"end":{"line":602,"column":54}}},"36":{"name":"ospreyXmlBody","line":613,"loc":{"start":{"line":613,"column":9},"end":{"line":613,"column":49}}},"37":{"name":"formDataBodyHandler","line":631,"loc":{"start":{"line":631,"column":0},"end":{"line":631,"column":59}}},"38":{"name":"(anonymous_38)","line":638,"loc":{"start":{"line":638,"column":30},"end":{"line":638,"column":45}}},"39":{"name":"ospreyMethodForm","line":645,"loc":{"start":{"line":645,"column":9},"end":{"line":645,"column":52}}},"40":{"name":"emit","line":654,"loc":{"start":{"line":654,"column":20},"end":{"line":654,"column":63}}},"41":{"name":"(anonymous_41)","line":655,"loc":{"start":{"line":655,"column":46},"end":{"line":655,"column":58}}},"42":{"name":"(anonymous_42)","line":706,"loc":{"start":{"line":706,"column":20},"end":{"line":706,"column":35}}},"43":{"name":"(anonymous_43)","line":709,"loc":{"start":{"line":709,"column":17},"end":{"line":709,"column":32}}},"44":{"name":"createValidationError","line":745,"loc":{"start":{"line":745,"column":0},"end":{"line":745,"column":40}}},"45":{"name":"discardBody","line":761,"loc":{"start":{"line":761,"column":0},"end":{"line":761,"column":38}}},"46":{"name":"ospreyFastQuery","line":781,"loc":{"start":{"line":781,"column":0},"end":{"line":781,"column":42}}},"47":{"name":"noop","line":791,"loc":{"start":{"line":791,"column":0},"end":{"line":791,"column":17}}},"48":{"name":"formatRamlErrors","line":799,"loc":{"start":{"line":799,"column":0},"end":{"line":799,"column":41}}},"49":{"name":"(anonymous_49)","line":800,"loc":{"start":{"line":800,"column":20},"end":{"line":800,"column":37}}},"50":{"name":"formatJsonErrors","line":818,"loc":{"start":{"line":818,"column":0},"end":{"line":818,"column":35}}},"51":{"name":"(anonymous_51)","line":819,"loc":{"start":{"line":819,"column":20},"end":{"line":819,"column":37}}},"52":{"name":"formatXmlErrors","line":837,"loc":{"start":{"line":837,"column":0},"end":{"line":837,"column":34}}},"53":{"name":"(anonymous_53)","line":838,"loc":{"start":{"line":838,"column":20},"end":{"line":838,"column":37}}}},"statementMap":{"1":{"start":{"line":1,"column":0},"end":{"line":1,"column":27}},"2":{"start":{"line":2,"column":0},"end":{"line":2,"column":29}},"3":{"start":{"line":3,"column":0},"end":{"line":3,"column":34}},"4":{"start":{"line":4,"column":0},"end":{"line":4,"column":40}},"5":{"start":{"line":5,"column":0},"end":{"line":5,"column":40}},"6":{"start":{"line":6,"column":0},"end":{"line":6,"column":45}},"7":{"start":{"line":7,"column":0},"end":{"line":7,"column":45}},"8":{"start":{"line":8,"column":0},"end":{"line":8,"column":45}},"9":{"start":{"line":9,"column":0},"end":{"line":9,"column":35}},"10":{"start":{"line":10,"column":0},"end":{"line":10,"column":37}},"11":{"start":{"line":11,"column":0},"end":{"line":11,"column":38}},"12":{"start":{"line":12,"column":0},"end":{"line":12,"column":49}},"13":{"start":{"line":13,"column":0},"end":{"line":13,"column":51}},"14":{"start":{"line":14,"column":0},"end":{"line":14,"column":24}},"15":{"start":{"line":15,"column":0},"end":{"line":15,"column":53}},"16":{"start":{"line":17,"column":0},"end":{"line":17,"column":96}},"17":{"start":{"line":24,"column":0},"end":{"line":24,"column":79}},"18":{"start":{"line":31,"column":0},"end":{"line":31,"column":38}},"19":{"start":{"line":34,"column":0},"end":{"line":39,"column":2}},"20":{"start":{"line":35,"column":2},"end":{"line":38,"column":3}},"21":{"start":{"line":46,"column":0},"end":{"line":51,"column":1}},"22":{"start":{"line":59,"column":0},"end":{"line":61,"column":1}},"23":{"start":{"line":60,"column":2},"end":{"line":60,"column":25}},"24":{"start":{"line":66,"column":0},"end":{"line":66,"column":36}},"25":{"start":{"line":67,"column":0},"end":{"line":67,"column":44}},"26":{"start":{"line":75,"column":0},"end":{"line":77,"column":1}},"27":{"start":{"line":76,"column":2},"end":{"line":76,"column":28}},"28":{"start":{"line":88,"column":0},"end":{"line":139,"column":1}},"29":{"start":{"line":89,"column":2},"end":{"line":89,"column":23}},"30":{"start":{"line":90,"column":2},"end":{"line":90,"column":25}},"31":{"start":{"line":92,"column":2},"end":{"line":92,"column":21}},"32":{"start":{"line":95,"column":2},"end":{"line":99,"column":4}},"33":{"start":{"line":96,"column":4},"end":{"line":96,"column":27}},"34":{"start":{"line":98,"column":4},"end":{"line":98,"column":17}},"35":{"start":{"line":102,"column":2},"end":{"line":102,"column":71}},"36":{"start":{"line":104,"column":2},"end":{"line":117,"column":3}},"37":{"start":{"line":105,"column":4},"end":{"line":105,"column":68}},"38":{"start":{"line":107,"column":4},"end":{"line":116,"column":5}},"39":{"start":{"line":108,"column":6},"end":{"line":113,"column":7}},"40":{"start":{"line":115,"column":6},"end":{"line":115,"column":34}},"41":{"start":{"line":119,"column":2},"end":{"line":121,"column":3}},"42":{"start":{"line":120,"column":4},"end":{"line":120,"column":76}},"43":{"start":{"line":123,"column":2},"end":{"line":136,"column":3}},"44":{"start":{"line":124,"column":4},"end":{"line":124,"column":80}},"45":{"start":{"line":126,"column":4},"end":{"line":135,"column":5}},"46":{"start":{"line":127,"column":6},"end":{"line":132,"column":7}},"47":{"start":{"line":134,"column":6},"end":{"line":134,"column":38}},"48":{"start":{"line":138,"column":2},"end":{"line":138,"column":28}},"49":{"start":{"line":149,"column":0},"end":{"line":189,"column":1}},"50":{"start":{"line":150,"column":2},"end":{"line":150,"column":18}},"51":{"start":{"line":153,"column":2},"end":{"line":164,"column":6}},"52":{"start":{"line":155,"column":6},"end":{"line":155,"column":38}},"53":{"start":{"line":158,"column":6},"end":{"line":158,"column":36}},"54":{"start":{"line":159,"column":6},"end":{"line":159,"column":48}},"55":{"start":{"line":161,"column":6},"end":{"line":163,"column":8}},"56":{"start":{"line":162,"column":8},"end":{"line":162,"column":28}},"57":{"start":{"line":166,"column":2},"end":{"line":166,"column":39}},"58":{"start":{"line":169,"column":2},"end":{"line":173,"column":3}},"59":{"start":{"line":170,"column":4},"end":{"line":170,"column":64}},"60":{"start":{"line":172,"column":4},"end":{"line":172,"column":13}},"61":{"start":{"line":175,"column":2},"end":{"line":175,"column":60}},"62":{"start":{"line":176,"column":2},"end":{"line":176,"column":85}},"63":{"start":{"line":178,"column":2},"end":{"line":188,"column":3}},"64":{"start":{"line":179,"column":4},"end":{"line":179,"column":40}},"65":{"start":{"line":181,"column":4},"end":{"line":185,"column":5}},"66":{"start":{"line":182,"column":6},"end":{"line":184,"column":8}},"67":{"start":{"line":187,"column":4},"end":{"line":187,"column":17}},"68":{"start":{"line":200,"column":0},"end":{"line":224,"column":1}},"69":{"start":{"line":201,"column":2},"end":{"line":201,"column":46}},"70":{"start":{"line":202,"column":2},"end":{"line":202,"column":67}},"71":{"start":{"line":204,"column":2},"end":{"line":223,"column":3}},"72":{"start":{"line":205,"column":4},"end":{"line":205,"column":30}},"73":{"start":{"line":206,"column":4},"end":{"line":206,"column":56}},"74":{"start":{"line":207,"column":4},"end":{"line":207,"column":32}},"75":{"start":{"line":209,"column":4},"end":{"line":211,"column":5}},"76":{"start":{"line":210,"column":6},"end":{"line":210,"column":82}},"77":{"start":{"line":213,"column":4},"end":{"line":213,"column":41}},"78":{"start":{"line":215,"column":4},"end":{"line":220,"column":5}},"79":{"start":{"line":216,"column":6},"end":{"line":216,"column":54}},"80":{"start":{"line":217,"column":6},"end":{"line":217,"column":23}},"81":{"start":{"line":219,"column":6},"end":{"line":219,"column":42}},"82":{"start":{"line":222,"column":4},"end":{"line":222,"column":17}},"83":{"start":{"line":229,"column":0},"end":{"line":235,"column":1}},"84":{"start":{"line":230,"column":2},"end":{"line":232,"column":3}},"85":{"start":{"line":231,"column":4},"end":{"line":231,"column":13}},"86":{"start":{"line":234,"column":2},"end":{"line":234,"column":75}},"87":{"start":{"line":246,"column":0},"end":{"line":264,"column":1}},"88":{"start":{"line":247,"column":2},"end":{"line":247,"column":86}},"89":{"start":{"line":248,"column":2},"end":{"line":248,"column":38}},"90":{"start":{"line":249,"column":2},"end":{"line":249,"column":59}},"91":{"start":{"line":251,"column":2},"end":{"line":263,"column":3}},"92":{"start":{"line":252,"column":4},"end":{"line":252,"column":54}},"93":{"start":{"line":253,"column":4},"end":{"line":253,"column":34}},"94":{"start":{"line":2
[...]
umn":4},"end":{"line":433,"column":17}},"139":{"start":{"line":437,"column":2},"end":{"line":437,"column":52}},"140":{"start":{"line":439,"column":2},"end":{"line":439,"column":15}},"141":{"start":{"line":449,"column":0},"end":{"line":458,"column":1}},"142":{"start":{"line":450,"column":2},"end":{"line":452,"column":3}},"143":{"start":{"line":451,"column":4},"end":{"line":451,"column":17}},"144":{"start":{"line":455,"column":2},"end":{"line":455,"column":25}},"145":{"start":{"line":457,"column":2},"end":{"line":457,"column":15}},"146":{"start":{"line":465,"column":0},"end":{"line":470,"column":1}},"147":{"start":{"line":466,"column":2},"end":{"line":466,"column":23}},"148":{"start":{"line":467,"column":2},"end":{"line":467,"column":38}},"149":{"start":{"line":468,"column":2},"end":{"line":468,"column":39}},"150":{"start":{"line":469,"column":2},"end":{"line":469,"column":12}}},"branchMap":{"1":{"line":33,"type":"if","locations":[{"start":{"line":33,"column":2},"end":{"line":33,"column":2}},{"start":{"line":33,"column":2},"end":{"line":33,"column":2}}]},"2":{"line":37,"type":"if","locations":[{"start":{"line":37,"column":2},"end":{"line":37,"column":2}},{"start":{"line":37,"column":2},"end":{"line":37,"column":2}}]},"3":{"line":41,"type":"if","locations":[{"start":{"line":41,"column":2},"end":{"line":41,"column":2}},{"start":{"line":41,"column":2},"end":{"line":41,"column":2}}]},"4":{"line":45,"type":"if","locations":[{"start":{"line":45,"column":2},"end":{"line":45,"column":2}},{"start":{"line":45,"column":2},"end":{"line":45,"column":2}}]},"5":{"line":76,"type":"binary-expr","locations":[{"start":{"line":76,"column":4},"end":{"line":76,"column":32}},{"start":{"line":76,"column":36},"end":{"line":76,"column":75}}]},"6":{"line":97,"type":"binary-expr","locations":[{"start":{"line":97,"column":29},"end":{"line":97,"column":51}},{"start":{"line":97,"column":55},"end":{"line":97,"column":78}}]},"7":{"line":108,"type":"if","locations":[{"start":{"line":108,"column":2},"end":{"line":108,"column":2}},{"start":{"line":108,"column":2},"end":{"line":108,"column":2}}]},"8":{"line":109,"type":"binary-expr","locations":[{"start":{"line":109,"column":4},"end":{"line":109,"column":53}},{"start":{"line":110,"column":4},"end":{"line":110,"column":54}}]},"9":{"line":119,"type":"binary-expr","locations":[{"start":{"line":119,"column":33},"end":{"line":119,"column":57}},{"start":{"line":119,"column":61},"end":{"line":119,"column":86}}]},"10":{"line":139,"type":"binary-expr","locations":[{"start":{"line":139,"column":6},"end":{"line":139,"column":32}},{"start":{"line":139,"column":36},"end":{"line":139,"column":58}}]},"11":{"line":179,"type":"cond-expr","locations":[{"start":{"line":179,"column":45},"end":{"line":186,"column":5}},{"start":{"line":186,"column":8},"end":{"line":186,"column":12}}]},"12":{"line":227,"type":"if","locations":[{"start":{"line":227,"column":4},"end":{"line":227,"column":4}},{"start":{"line":227,"column":4},"end":{"line":227,"column":4}}]},"13":{"line":251,"type":"if","locations":[{"start":{"line":251,"column":4},"end":{"line":251,"column":4}},{"start":{"line":251,"column":4},"end":{"line":251,"column":4}}]},"14":{"line":267,"type":"if","locations":[{"start":{"line":267,"column":4},"end":{"line":267,"column":4}},{"start":{"line":267,"column":4},"end":{"line":267,"column":4}}]},"15":{"line":283,"type":"if","locations":[{"start":{"line":283,"column":4},"end":{"line":283,"column":4}},{"start":{"line":283,"column":4},"end":{"line":283,"column":4}}]},"16":{"line":305,"type":"if","locations":[{"start":{"line":305,"column":2},"end":{"line":305,"column":2}},{"start":{"line":305,"column":2},"end":{"line":305,"column":2}}]},"17":{"line":321,"type":"if","locations":[{"start":{"line":321,"column":4},"end":{"line":321,"column":4}},{"start":{"line":321,"column":4},"end":{"line":321,"column":4}}]},"18":{"line":404,"type":"binary-expr","locations":[{"start":{"line":404,"column":9},"end":{"line":404,"column":31}},{"start":{"line":404,"column":35},"end":{"line":404,"column":67}}]},"19":{"line":415,"type":"if","locations":[{"start":{"line":415,"column":2},"end":{"line":415,"column":2}},{"start":{"line":415,"column":2},"end":{"line":415,"column":2}}]},"20":{"line":417,"type":"if","locations":[{"start":{"line":417,"column":6},"end":{"line":417,"column":6}},{"start":{"line":417,"column":6},"end":{"line":417,"column":6}}]},"21":{"line":432,"type":"if","locations":[{"start":{"line":432,"column":2},"end":{"line":432,"column":2}},{"start":{"line":432,"column":2},"end":{"line":432,"column":2}}]},"22":{"line":450,"type":"if","locations":[{"start":{"line":450,"column":2},"end":{"line":450,"column":2}},{"start":{"line":450,"column":2},"end":{"line":450,"column":2}}]}},"code":["var parse = require('url').parse","var parseurl = require('parseurl')","var querystring = require('querystring')","var router = require('osprey-router')","var oauth2orize = require('oauth2orize')","var invariant = require('invariant')","var passport = require('passport')","var cookieSession = require('cookie-session')","var BasicStrategy = require('passport-http').BasicStrategy","var DigestStrategy = require('passport-http').DigestStrategy","var ClientPasswordStrategy = require('passport-oauth2-client-password').Strategy","var BearerStrategy = require('passport-http-bearer').Strategy","var extend = require('xtend')","var bodyParser = require('body-parser')","var arrify = require('arrify')","var scope = require('./scope')","","/**"," * Expose handler."," */","module.exports = createHandler","","/**"," * Create a handler object from an object of RAML security scheme options."," *"," * @param  {Object} scheme"," * @param  {Object} options"," * @param  {String} key"," * @return {Object}"," */","function createHandler (scheme, options, key) {","  // Allow functions to override any other options.","  if (typeof options === 'function') {","    return options(scheme, key)","  }","","  if (scheme.type === 'OAuth 2.0') {","    return createOAuth2Handler(scheme, options, key)","  }","","  if (scheme.type === 'Basic Authentication') {","    return createBasicAuthHandler(scheme, options, key)","  }","","  if (scheme.type === 'Digest Authentication') {","    return createDigestAuthHandler(scheme, options, key)","  }","","  throw new TypeError(","    'To enable ' + scheme.type + ', you must provide a function as the ' +","    'option. The function must return an object with a handler method and, ' +","    'optionally, a middleware function (e.g. using `osprey-router`).'","  )","}","","/**"," * Create a handler for OAuth 2.0."," *"," * @param  {Object} scheme"," * @param  {Object} opts"," * @param  {String} key"," * @return {Object}"," */","function createOAuth2Handler (scheme, opts, key) {","  var app = router()","  var server = oauth2orize.createServer()","  var settings = scheme.settings","  var options = extend({ grant: {}, exchange: {} }, opts)","  var scopes = arrify(scheme.settings.scopes)","","  var BASIC_KEY = 'osprey:' + key + ':basic'","  var CLIENT_PASSWORD_KEY = 'osprey:' + key + 'oauth2-client-password'","  var BEARER_KEY = 'osprey:' + key + ':bearer'","","  invariant(","    settings.authorizationGrants && settings.authorizationGrants.length > 0,","    'RAML \"authorizationGrants\" must specify supported grant types'","  )","","  invariant(","    typeof options.findUserByToken === 'function',","    'Option \"findUserByToken\" must be a function: %s',","    'https://github.com/jaredhanson/passport-http-bearer#configure-strategy'","  )","","  invariant(","    typeof options.authenticateClient === 'function',","    'Option \"authenticateClient\" must be a function: %s',","    'https://github.com/jaredhanson/passport-oauth2-client-password#configure-strategy'","  )","","  // Set up passport for authentication.","  passport.use(BASIC_KEY, new BasicStrategy(options.authenticateClient))","  passport.use(CLIENT_PASSWORD_KEY, new ClientPasswordStrategy(options.authenticateClient))","  passport.use(BEARER_KEY, new BearerStrategy(options.findUserByToken))","","  var accessTokenUri = parse(options.accessTokenUri || settings.accessTokenUri).path","","  // Body parsing middleware for OAuth 2.0 routes.","  var parseBody = [bodyParser.json(), bodyParser.urlencoded({ extended: false })]","","  invariant(","    validPathEnding(settings.accessTokenUri, accessTokenUri),","    '`accessTokenUri` must match the suffix of the RAML `accessTokenUri` setting'","  )","","  // Skip authorization page logic if not required.","  if (","    settings.authorizationGrants.indexOf('code') > -1 ||","    settings.authorizationGrants.indexOf('token') > -1","  ) {","    var serializeClient = options.serializeClient","    var deserializeClient = options.deserializeClient","    var sessionKeys = options.sessionKeys","    var ensureLoggedIn = options.ensureLoggedIn","    var authorizeClient = options.authorizeClient","    var serveAuthorizationPage = options.serveAuthorizationPage","    var immediateAuthorization = options.immediateAuthorization","    var authorizationUri = parse(options.authorizationUri || settings.authorizationUri).path","","    invariant(","      validPathEnding(settings.authorizationUri, authorizationUri),","      '`authorizationUri` must match the suffix of the RAML `authorizationUri` setting'","    )","","    invariant(","      typeof serializeClient === 'function',","      'Option \"serializeClient\" must be a function: %s',","      'https://github.com/jaredhanson/oauth2orize#session-serialization'","    )","","    invariant(","      typeof deserializeClient === 'function',","      'Option \"deserializeClient\" must be a function: %s',","      'https://github.com/jaredhanson/oauth2orize#session-serialization'","    )","","    invariant(","      Array.isArray(sessionKeys) && sessionKeys.length > 0,","      'Options \"sessionKeys\" must be an array: %s',","      'https://github.com/expressjs/cookie-session#keys'","    )","","    invariant(","      typeof authorizeClient === 'function',","      'Option \"authorizeClient\" must be a function: %s',","      'https://github.com/jaredhanson/oauth2orize#implement-authorization-endpoint'","    )","","    invariant(","      typeof serveAuthorizationPage === 'function',","      'Option \"serveAuthorizationPage\" must be a middleware function that ' +","      'serves the authorization dialog page'","    )","","    invariant(","      typeof ensureLoggedIn === 'function',","      'Option \"ensureLoggedIn\" must be a middleware function that handles ' +","      'when the user is logged out'","    )","","    server.serializeClient(serializeClient)","    server.deserializeClient(deserializeClient)","","    // Create session middleware for Passport to work properly.","    var session = cookieSession({","      name: 'osprey-' + key,","      keys: options.sessionKeys","    })","","    // Authorize client validation.","    var validate = function (clientId, redirectUri, scope, type, done) {","      validateScope(scopes, scope)","","      return authorizeClient(clientId, redirectUri, scope, type, done)","    }","","    // Set up immediate function. Wrap it for consistent arity.","    var immediate = immediateAuthorization ? function (client, user, scope, done) {","      // Custom callback for scope injection.","      function cb (err, validated) {","        return done(err, validated, { scope: scope })","      }","","      return immediateAuthorization(client, user, scope, cb)","    } : null","","    // Mount authorization page. DO NOT ENABLE CORS BEFORE THIS ROUTE!","    app.get(","      authorizationUri,","      session,","      ensureLoggedIn,","      attachQuery,","      attachRedirect,","      server.authorize(validate, immediate),","      serveAuthorizationPage","    )","","    // Page to POST form to for authorization.","    app.post(","      authorizationUri,","      session,","      ensureLoggedIn,","      parseBody,","      attachRedirect,","      server.decision(function (req, done) {","        return done(null, {","          scope: arrify(req.body.scope)","        })","      })","    )","  }","","  // Mount the access token endpoint.","  app.post(","    accessTokenUri,","    parseBody,","    passport.initialize(),","    passport.authenticate([BASIC_KEY, CLIENT_PASSWORD_KEY], { session: false }),","    server.token()","  )","","  settings.authorizationGrants.forEach(function (grantType) {","    var grant = options.grant[grantType]","    var exchange = options.exchange[grantType]","","    if (grantType === 'code') {","      invariant(","        typeof grant === 'function',","        'Option \"grant.code\" must be a function: %s',","        'https://github.com/jaredhanson/oauth2orize#register-grants'","      )","","      invariant(","        typeof exchange === 'function',","        'Option \"exchange.code\" must be a function: %s',","        'https://github.com/jaredhanson/oauth2orize#register-exchanges'","      )","","      server.grant(oauth2orize.grant.code(function (client, redirectUri, user, ares, done) {","        validateScope(scopes, ares.scope)","","        return grant(client, redirectUri, user, ares, done)","      }))","","      server.exchange(oauth2orize.exchange.code(exchange))","","      return","    }","","    if (grantType === 'token') {","      invariant(","        typeof grant === 'function',","        'Option \"grant.token\" must be a function: %s',","        'https://github.com/jaredhanson/oauth2orize#register-grants'","      )","","      server.grant(oauth2orize.grant.token(function (client, user, ares, done) {","        validateScope(scopes, ares.scope)","","        return grant(client, user, ares, done)","      }))","","      return","    }","","    if (grantType === 'owner') {","      invariant(","        typeof exchange === 'function',","        'Option \"exchange.owner\" must be a function: %s',","        'https://github.com/jaredhanson/oauth2orize#register-grants'","      )","","      server.exchange(oauth2orize.exchange.password(function (client, username, password, scope, done) {","        validateScope(scopes, scope)","","        return exchange(client, username, password, scope, done)","      }))","","      return","    }","","    if (grantType === 'credentials') {","      invariant(","        typeof exchange === 'function',","        'Option \"exchange.credentials\" must be a function: %s',","        'https://github.com/jaredhanson/oauth2orize#register-grants'","      )","","      server.exchange(oauth2orize.exchange.clientCredentials(function (client, scope, done) {","        validateScope(scopes, scope)","","        return exchange(client, scope, done)","      }))","","      return","    }","","    throw new TypeError('Unknown grant \"' + key + '\" type: ' + grantType)","  })","","  var refreshToken = options.exchange.refresh","","  // Refresh tokens are optional.","  if (typeof refreshToken === 'function') {","    server.exchange(oauth2orize.exchange.refreshToken(refreshToken))","  }","","  var authenticate = [","    passport.initialize(),","    passport.authenticate(BEARER_KEY, { session: false, failWithError: true })","  ]","","  /**","   * OAuth 2.0 authentication handler creator.","   *","   * @param  {Object}   options","   * @return {Function}","   */","  function handler (options) {","    if (!options) {","      return authenticate","    }","","    // Return with scope validation.","    return authenticate.concat(scope(options.scopes))","  }","","  return { router: app, handler: handler }","}","","/**"," * Basic authentication handler."," *"," * @param  {Object} scheme"," * @param  {Object} options"," * @param  {String} key"," * @return {Object}"," */","function createBasicAuthHandler (scheme, options, key) {","  var KEY = 'osprey:' + key","","  invariant(","    typeof options.validateUser === 'function',","    'Option \"validateUser\" should be a function: %s',","    'https://github.com/jaredhanson/passport-http#usage-of-http-basic'","  )","","  passport.use(KEY, new BasicStrategy(","    { realm: options.realm },","    options.validateUser","  ))","","  var authenticate = [","    passport.initialize(),","    passport.authenticate(KEY, { session: false, failWithError: true })","  ]","","  return {","    handler: function () { return authenticate }","  }","}","","/**"," * Digest authentication handler."," *"," * @param  {Object} scheme"," * @param  {Object} options"," * @param  {String} key"," * @return {Object}"," */","function createDigestAuthHandler (scheme, options, key) {","  var KEY = 'osprey:' + key","","  invariant(","    typeof options.findUserByUsername === 'function',","    'Option \"findUserByUsername\" should be a function: %s',","    'https://github.com/jaredhanson/passport-http#usage-of-http-digest'","  )","","  passport.use(KEY, new DigestStrategy(","    { qop: 'auth', realm: options.realm, domain: options.domain },","    options.findUserByUsername","  ))","","  var authenticate = [","    passport.initialize(),","    passport.authenticate(KEY, { session: false, failWithError: true })","  ]","","  return {","    handler: function () { return authenticate }","  }","}","","/**"," * Check a path is valid against a url."," *"," * @param  {String}  str"," * @param  {String}  value"," * @return {Boolean}"," */","function validPathEnding (url, path) {","  return path.charAt(0) === '/' && url.slice(-path.length) === path","}","","/**"," * Validate the scopes are all correct."," *"," * @param  {Array} scopes"," * @param  {Array} requestedScopes"," * @return {Array}"," */","function validateScope (scopes, requestedScopes) {","  if (scopes.length) {","    for (var i = 0; i < requestedScopes.length; i++) {","      if (scopes.indexOf(requestedScopes[i]) === -1) {","        throw new oauth2orize.TokenError('Unknown scope: ' + requestedScopes[i], 'invalid_request')","      }","    }","  }","}","","/**"," * Add `query` property when server does not already support it."," *"," * @param {Object}   req"," * @param {Object}   res"," * @param {Function} next"," */","function attachQuery (req, res, next) {","  if (req.query) {","    return next()","  }","","  // Parse querystring for OAuth2orize.","  req.query = querystring.parse(parseurl(req).query)","","  return next()","}","","/**"," * Attach a redirect function when the server does not support it already."," *"," * @param {Object}   req"," * @param {Object}   res"," * @param {Function} next"," */","function attachRedirect (req, res, next) {","  if (res.redirect) {","    return next()","  }","","  // Do HTTP redirects.","  res.redirect = redirect","","  return next()","}","","/**"," * Redirection function for `http#Response`."," *"," * @param {String} location"," */","function redirect (location) {","  this.statusCode = 302","  this.setHeader('Location', location)","  this.setHeader('Content-Length', '0')","  this.end()","}",""],"l":{"1":1,"2":1,"3":1,"4":1,"5":1,"6":1,"7":1,"8":1,"9":1,"10":1,"11":1,"12":1,"13":1,"14":1,"15":1,"16":1,"21":1,"31":1,"33":0,"34":0,"37":0,"38":0,"41":0,"42":0,"45":0,"46":0,"49":0,"64":1,"65":0,"66":0,"67":0,"68":0,"69":0,"71":0,"72":0,"73":0,"75":0,"80":0,"86":0,"93":0,"94":0,"95":0,"97":0,"100":0,"102":0,"108":0,"112":0,"113":0,"114":0,"115":0,"116":0,"117":0,"118":0,"119":0,"121":0,"126":0,"132":0,"138":0,"144":0,"150":0,"156":0,"162":0,"163":0,"166":0,"172":0,"173":0,"175":0,"179":0,"181":1,"182":0,"185":0,"189":0,"200":0,"207":0,"215":0,"223":0,"224":0,"225":0,"227":0,"228":0,"234":0,"240":0,"241":0,"243":0,"246":0,"248":0,"251":0,"252":0,"258":0,"259":0,"261":0,"264":0,"267":0,"268":0,"274":0,"275":0,"277":0,"280":0,"283":0,"284":0,"290":0,"291":0,"293":0,"296":0,"299":0,"302":0,"305":0,"306":0,"309":0,"320":1,"321":0,"322":0,"326":0,"329":0,"340":1,"341":0,"343":0,"349":0,"354":0,"359":0,"360":0,"372":1,"373":0,"375":0,"381":0,"386":0,"391":0,"392":0,"403":1,"404":0,"414":1,"415":0,"416":0,"417":0,"418":0,"431":1,"432":0,"433":0,"437":0,"439":0,"449":1,"450":0,"451":0,"455":0,"457":0,"465":1,"466":0,"467":0,"468":0,"469":0}}}